{"D:\\GRYF AI\\WORKFLOW\\src\\components\\modals\\DeleteAccountModal.tsx": {"path":"D:\\GRYF AI\\WORKFLOW\\src\\components\\modals\\DeleteAccountModal.tsx","statementMap":{"0":{"start":{"line":15,"column":6},"end":{"line":22,"column":null}},"1":{"start":{"line":16,"column":2},"end":{"line":22,"column":null}},"2":{"start":{"line":25,"column":13},"end":{"line":187,"column":null}},"3":{"start":{"line":26,"column":10},"end":{"line":26,"column":null}},"4":{"start":{"line":27,"column":49},"end":{"line":27,"column":null}},"5":{"start":{"line":28,"column":15},"end":{"line":28,"column":null}},"6":{"start":{"line":29,"column":21},"end":{"line":29,"column":null}},"7":{"start":{"line":30,"column":22},"end":{"line":30,"column":null}},"8":{"start":{"line":31,"column":16},"end":{"line":31,"column":null}},"9":{"start":{"line":32,"column":15},"end":{"line":32,"column":null}},"10":{"start":{"line":33,"column":20},"end":{"line":33,"column":null}},"11":{"start":{"line":36,"column":2},"end":{"line":48,"column":null}},"12":{"start":{"line":37,"column":4},"end":{"line":47,"column":null}},"13":{"start":{"line":38,"column":6},"end":{"line":38,"column":null}},"14":{"start":{"line":39,"column":6},"end":{"line":39,"column":null}},"15":{"start":{"line":40,"column":6},"end":{"line":40,"column":null}},"16":{"start":{"line":41,"column":6},"end":{"line":41,"column":null}},"17":{"start":{"line":42,"column":6},"end":{"line":42,"column":null}},"18":{"start":{"line":43,"column":6},"end":{"line":46,"column":null}},"19":{"start":{"line":44,"column":8},"end":{"line":44,"column":null}},"20":{"start":{"line":45,"column":8},"end":{"line":45,"column":null}},"21":{"start":{"line":50,"column":23},"end":{"line":62,"column":null}},"22":{"start":{"line":51,"column":4},"end":{"line":51,"column":null}},"23":{"start":{"line":51,"column":47},"end":{"line":51,"column":null}},"24":{"start":{"line":52,"column":4},"end":{"line":52,"column":null}},"25":{"start":{"line":53,"column":4},"end":{"line":53,"column":null}},"26":{"start":{"line":54,"column":4},"end":{"line":61,"column":null}},"27":{"start":{"line":55,"column":6},"end":{"line":55,"column":null}},"28":{"start":{"line":56,"column":6},"end":{"line":56,"column":null}},"29":{"start":{"line":58,"column":20},"end":{"line":58,"column":null}},"30":{"start":{"line":59,"column":6},"end":{"line":59,"column":null}},"31":{"start":{"line":60,"column":6},"end":{"line":60,"column":null}},"32":{"start":{"line":64,"column":2},"end":{"line":64,"column":null}},"33":{"start":{"line":64,"column":15},"end":{"line":64,"column":null}},"34":{"start":{"line":66,"column":2},"end":{"line":185,"column":null}},"35":{"start":{"line":119,"column":33},"end":{"line":119,"column":null}},"36":{"start":{"line":143,"column":31},"end":{"line":143,"column":null}},"37":{"start":{"line":155,"column":33},"end":{"line":155,"column":null}}},"fnMap":{"0":{"name":"(anonymous_0)","decl":{"start":{"line":15,"column":6},"end":{"line":15,"column":17}},"loc":{"start":{"line":16,"column":2},"end":{"line":22,"column":null}},"line":16},"1":{"name":"(anonymous_1)","decl":{"start":{"line":25,"column":13},"end":{"line":25,"column":35}},"loc":{"start":{"line":25,"column":84},"end":{"line":187,"column":null}},"line":25},"2":{"name":"(anonymous_2)","decl":{"start":{"line":36,"column":2},"end":{"line":36,"column":18}},"loc":{"start":{"line":36,"column":18},"end":{"line":48,"column":5}},"line":36},"3":{"name":"(anonymous_3)","decl":{"start":{"line":43,"column":31},"end":{"line":43,"column":36}},"loc":{"start":{"line":43,"column":44},"end":{"line":46,"column":7}},"line":43},"4":{"name":"(anonymous_4)","decl":{"start":{"line":50,"column":23},"end":{"line":50,"column":35}},"loc":{"start":{"line":50,"column":35},"end":{"line":62,"column":null}},"line":50},"5":{"name":"(anonymous_5)","decl":{"start":{"line":119,"column":18},"end":{"line":119,"column":33}},"loc":{"start":{"line":119,"column":33},"end":{"line":119,"column":null}},"line":119},"6":{"name":"(anonymous_6)","decl":{"start":{"line":143,"column":16},"end":{"line":143,"column":26}},"loc":{"start":{"line":143,"column":31},"end":{"line":143,"column":null}},"line":143},"7":{"name":"(anonymous_7)","decl":{"start":{"line":155,"column":18},"end":{"line":155,"column":33}},"loc":{"start":{"line":155,"column":33},"end":{"line":155,"column":null}},"line":155}},"branchMap":{"0":{"loc":{"start":{"line":37,"column":4},"end":{"line":47,"column":null}},"type":"if","locations":[{"start":{"line":37,"column":4},"end":{"line":47,"column":null}},{"start":{},"end":{}}],"line":37},"1":{"loc":{"start":{"line":51,"column":4},"end":{"line":51,"column":null}},"type":"if","locations":[{"start":{"line":51,"column":4},"end":{"line":51,"column":null}},{"start":{},"end":{}}],"line":51},"2":{"loc":{"start":{"line":59,"column":15},"end":{"line":59,"column":54}},"type":"binary-expr","locations":[{"start":{"line":59,"column":15},"end":{"line":59,"column":33}},{"start":{"line":59,"column":33},"end":{"line":59,"column":54}}],"line":59},"3":{"loc":{"start":{"line":64,"column":2},"end":{"line":64,"column":null}},"type":"if","locations":[{"start":{"line":64,"column":2},"end":{"line":64,"column":null}},{"start":{},"end":{}}],"line":64},"4":{"loc":{"start":{"line":77,"column":11},"end":{"line":130,"column":20}},"type":"binary-expr","locations":[{"start":{"line":77,"column":11},"end":{"line":77,"column":null}},{"start":{"line":78,"column":12},"end":{"line":130,"column":20}}],"line":77},"5":{"loc":{"start":{"line":84,"column":15},"end":{"line":101,"column":null}},"type":"cond-expr","locations":[{"start":{"line":85,"column":16},"end":{"line":89,"column":17}},{"start":{"line":89,"column":16},"end":{"line":101,"column":null}}],"line":84},"6":{"loc":{"start":{"line":92,"column":51},"end":{"line":92,"column":189}},"type":"cond-expr","locations":[{"start":{"line":92,"column":77},"end":{"line":92,"column":135}},{"start":{"line":92,"column":135},"end":{"line":92,"column":189}}],"line":92},"7":{"loc":{"start":{"line":93,"column":51},"end":{"line":93,"column":204}},"type":"cond-expr","locations":[{"start":{"line":93,"column":79},"end":{"line":93,"column":141}},{"start":{"line":93,"column":141},"end":{"line":93,"column":204}}],"line":93},"8":{"loc":{"start":{"line":94,"column":19},"end":{"line":95,"column":null}},"type":"binary-expr","locations":[{"start":{"line":94,"column":19},"end":{"line":94,"column":null}},{"start":{"line":95,"column":20},"end":{"line":95,"column":null}}],"line":94},"9":{"loc":{"start":{"line":95,"column":50},"end":{"line":95,"column":188}},"type":"cond-expr","locations":[{"start":{"line":95,"column":76},"end":{"line":95,"column":134}},{"start":{"line":95,"column":134},"end":{"line":95,"column":188}}],"line":95},"10":{"loc":{"start":{"line":97,"column":19},"end":{"line":98,"column":null}},"type":"binary-expr","locations":[{"start":{"line":97,"column":19},"end":{"line":97,"column":null}},{"start":{"line":98,"column":20},"end":{"line":98,"column":null}}],"line":97},"11":{"loc":{"start":{"line":98,"column":56},"end":{"line":98,"column":199}},"type":"cond-expr","locations":[{"start":{"line":98,"column":82},"end":{"line":98,"column":140}},{"start":{"line":98,"column":140},"end":{"line":98,"column":199}}],"line":98},"12":{"loc":{"start":{"line":100,"column":46},"end":{"line":100,"column":199}},"type":"cond-expr","locations":[{"start":{"line":100,"column":75},"end":{"line":100,"column":139}},{"start":{"line":100,"column":139},"end":{"line":100,"column":199}}],"line":100},"13":{"loc":{"start":{"line":130,"column":11},"end":{"line":183,"column":null}},"type":"binary-expr","locations":[{"start":{"line":130,"column":11},"end":{"line":130,"column":null}},{"start":{"line":131,"column":12},"end":{"line":183,"column":null}}],"line":130},"14":{"loc":{"start":{"line":149,"column":15},"end":{"line":150,"column":null}},"type":"binary-expr","locations":[{"start":{"line":149,"column":15},"end":{"line":149,"column":null}},{"start":{"line":150,"column":16},"end":{"line":150,"column":null}}],"line":149},"15":{"loc":{"start":{"line":164,"column":28},"end":{"line":164,"column":null}},"type":"binary-expr","locations":[{"start":{"line":164,"column":28},"end":{"line":164,"column":69}},{"start":{"line":164,"column":69},"end":{"line":164,"column":null}}],"line":164},"16":{"loc":{"start":{"line":168,"column":19},"end":{"line":177,"column":null}},"type":"cond-expr","locations":[{"start":{"line":169,"column":20},"end":{"line":174,"column":null}},{"start":{"line":174,"column":20},"end":{"line":177,"column":null}}],"line":168}},"s":{"0":1,"1":45,"2":1,"3":29,"4":29,"5":29,"6":29,"7":29,"8":29,"9":29,"10":29,"11":29,"12":9,"13":8,"14":8,"15":8,"16":8,"17":8,"18":8,"19":8,"20":8,"21":29,"22":2,"23":0,"24":2,"25":2,"26":2,"27":2,"28":1,"29":1,"30":1,"31":1,"32":29,"33":1,"34":28,"35":5,"36":3,"37":1},"f":{"0":45,"1":29,"2":9,"3":8,"4":2,"5":5,"6":3,"7":1},"b":{"0":[8,1],"1":[0,2],"2":[1,0],"3":[1,28],"4":[28,17],"5":[8,9],"6":[0,9],"7":[0,9],"8":[9,9],"9":[0,9],"10":[9,9],"11":[0,9],"12":[0,9],"13":[29,11],"14":[11,1],"15":[11,6],"16":[2,9]},"meta":{"lastBranch":17,"lastFunction":8,"lastStatement":38,"seen":{"s:15:6:22:Infinity":0,"f:15:6:15:17":0,"s:16:2:22:Infinity":1,"s:25:13:187:Infinity":2,"f:25:13:25:35":1,"s:26:10:26:Infinity":3,"s:27:49:27:Infinity":4,"s:28:15:28:Infinity":5,"s:29:21:29:Infinity":6,"s:30:22:30:Infinity":7,"s:31:16:31:Infinity":8,"s:32:15:32:Infinity":9,"s:33:20:33:Infinity":10,"s:36:2:48:Infinity":11,"f:36:2:36:18":2,"b:37:4:47:Infinity:undefined:undefined:undefined:undefined":0,"s:37:4:47:Infinity":12,"s:38:6:38:Infinity":13,"s:39:6:39:Infinity":14,"s:40:6:40:Infinity":15,"s:41:6:41:Infinity":16,"s:42:6:42:Infinity":17,"s:43:6:46:Infinity":18,"f:43:31:43:36":3,"s:44:8:44:Infinity":19,"s:45:8:45:Infinity":20,"s:50:23:62:Infinity":21,"f:50:23:50:35":4,"b:51:4:51:Infinity:undefined:undefined:undefined:undefined":1,"s:51:4:51:Infinity":22,"s:51:47:51:Infinity":23,"s:52:4:52:Infinity":24,"s:53:4:53:Infinity":25,"s:54:4:61:Infinity":26,"s:55:6:55:Infinity":27,"s:56:6:56:Infinity":28,"s:58:20:58:Infinity":29,"s:59:6:59:Infinity":30,"b:59:15:59:33:59:33:59:54":2,"s:60:6:60:Infinity":31,"b:64:2:64:Infinity:undefined:undefined:undefined:undefined":3,"s:64:2:64:Infinity":32,"s:64:15:64:Infinity":33,"s:66:2:185:Infinity":34,"b:77:11:77:Infinity:78:12:130:20":4,"b:85:16:89:17:89:16:101:Infinity":5,"b:92:77:92:135:92:135:92:189":6,"b:93:79:93:141:93:141:93:204":7,"b:94:19:94:Infinity:95:20:95:Infinity":8,"b:95:76:95:134:95:134:95:188":9,"b:97:19:97:Infinity:98:20:98:Infinity":10,"b:98:82:98:140:98:140:98:199":11,"b:100:75:100:139:100:139:100:199":12,"f:119:18:119:33":5,"s:119:33:119:Infinity":35,"b:130:11:130:Infinity:131:12:183:Infinity":13,"f:143:16:143:26":6,"s:143:31:143:Infinity":36,"b:149:15:149:Infinity:150:16:150:Infinity":14,"f:155:18:155:33":7,"s:155:33:155:Infinity":37,"b:164:28:164:69:164:69:164:Infinity":15,"b:169:20:174:Infinity:174:20:177:Infinity":16}}}
,"D:\\GRYF AI\\WORKFLOW\\src\\components\\ui\\GryfSpinner.tsx": {"path":"D:\\GRYF AI\\WORKFLOW\\src\\components\\ui\\GryfSpinner.tsx","statementMap":{"0":{"start":{"line":20,"column":13},"end":{"line":66,"column":null}},"1":{"start":{"line":21,"column":2},"end":{"line":64,"column":null}}},"fnMap":{"0":{"name":"(anonymous_0)","decl":{"start":{"line":20,"column":13},"end":{"line":20,"column":28}},"loc":{"start":{"line":20,"column":87},"end":{"line":66,"column":null}},"line":20}},"branchMap":{"0":{"loc":{"start":{"line":20,"column":30},"end":{"line":20,"column":41}},"type":"default-arg","locations":[{"start":{"line":20,"column":37},"end":{"line":20,"column":41}}],"line":20},"1":{"loc":{"start":{"line":20,"column":48},"end":{"line":20,"column":87}},"type":"default-arg","locations":[{"start":{"line":20,"column":60},"end":{"line":20,"column":87}}],"line":20},"2":{"loc":{"start":{"line":55,"column":7},"end":{"line":64,"column":null}},"type":"binary-expr","locations":[{"start":{"line":55,"column":7},"end":{"line":55,"column":null}},{"start":{"line":56,"column":8},"end":{"line":64,"column":null}}],"line":55}},"s":{"0":1,"1":8},"f":{"0":8},"b":{"0":[8],"1":[8],"2":[8,0]},"meta":{"lastBranch":3,"lastFunction":1,"lastStatement":2,"seen":{"s:20:13:66:Infinity":0,"f:20:13:20:28":0,"b:20:37:20:41":0,"b:20:60:20:87":1,"s:21:2:64:Infinity":1,"b:55:7:55:Infinity:56:8:64:Infinity":2}}}
,"D:\\GRYF AI\\WORKFLOW\\src\\components\\ui\\ModalWrapper.tsx": {"path":"D:\\GRYF AI\\WORKFLOW\\src\\components\\ui\\ModalWrapper.tsx","statementMap":{"0":{"start":{"line":19,"column":13},"end":{"line":51,"column":null}},"1":{"start":{"line":26,"column":2},"end":{"line":33,"column":null}},"2":{"start":{"line":27,"column":4},"end":{"line":27,"column":null}},"3":{"start":{"line":27,"column":29},"end":{"line":27,"column":null}},"4":{"start":{"line":28,"column":10},"end":{"line":30,"column":null}},"5":{"start":{"line":29,"column":6},"end":{"line":29,"column":null}},"6":{"start":{"line":29,"column":30},"end":{"line":29,"column":null}},"7":{"start":{"line":31,"column":4},"end":{"line":31,"column":null}},"8":{"start":{"line":32,"column":4},"end":{"line":32,"column":null}},"9":{"start":{"line":32,"column":17},"end":{"line":32,"column":null}},"10":{"start":{"line":35,"column":2},"end":{"line":35,"column":null}},"11":{"start":{"line":35,"column":15},"end":{"line":35,"column":null}},"12":{"start":{"line":38,"column":4},"end":{"line":46,"column":null}},"13":{"start":{"line":43,"column":57},"end":{"line":43,"column":101}},"14":{"start":{"line":43,"column":91},"end":{"line":43,"column":101}},"15":{"start":{"line":49,"column":2},"end":{"line":49,"column":null}},"16":{"start":{"line":49,"column":39},"end":{"line":49,"column":null}},"17":{"start":{"line":50,"column":2},"end":{"line":50,"column":null}},"18":{"start":{"line":61,"column":17},"end":{"line":66,"column":null}},"19":{"start":{"line":68,"column":13},"end":{"line":84,"column":null}},"20":{"start":{"line":73,"column":2},"end":{"line":84,"column":null}},"21":{"start":{"line":81,"column":20},"end":{"line":81,"column":null}},"22":{"start":{"line":101,"column":13},"end":{"line":129,"column":null}},"23":{"start":{"line":110,"column":2},"end":{"line":129,"column":null}},"24":{"start":{"line":139,"column":13},"end":{"line":140,"column":null}},"25":{"start":{"line":140,"column":2},"end":{"line":140,"column":null}},"26":{"start":{"line":150,"column":13},"end":{"line":151,"column":null}},"27":{"start":{"line":151,"column":2},"end":{"line":151,"column":null}}},"fnMap":{"0":{"name":"(anonymous_0)","decl":{"start":{"line":19,"column":13},"end":{"line":19,"column":29}},"loc":{"start":{"line":25,"column":25},"end":{"line":51,"column":null}},"line":25},"1":{"name":"(anonymous_1)","decl":{"start":{"line":26,"column":2},"end":{"line":26,"column":18}},"loc":{"start":{"line":26,"column":18},"end":{"line":33,"column":5}},"line":26},"2":{"name":"(anonymous_2)","decl":{"start":{"line":28,"column":10},"end":{"line":28,"column":23}},"loc":{"start":{"line":28,"column":44},"end":{"line":30,"column":null}},"line":28},"3":{"name":"(anonymous_3)","decl":{"start":{"line":32,"column":4},"end":{"line":32,"column":17}},"loc":{"start":{"line":32,"column":17},"end":{"line":32,"column":null}},"line":32},"4":{"name":"(anonymous_4)","decl":{"start":{"line":43,"column":38},"end":{"line":43,"column":49}},"loc":{"start":{"line":43,"column":55},"end":{"line":43,"column":105}},"line":43},"5":{"name":"(anonymous_5)","decl":{"start":{"line":68,"column":13},"end":{"line":68,"column":31}},"loc":{"start":{"line":73,"column":2},"end":{"line":84,"column":null}},"line":73},"6":{"name":"(anonymous_6)","decl":{"start":{"line":81,"column":4},"end":{"line":81,"column":14}},"loc":{"start":{"line":81,"column":20},"end":{"line":81,"column":null}},"line":81},"7":{"name":"(anonymous_7)","decl":{"start":{"line":101,"column":13},"end":{"line":101,"column":28}},"loc":{"start":{"line":110,"column":2},"end":{"line":129,"column":null}},"line":110},"8":{"name":"(anonymous_8)","decl":{"start":{"line":139,"column":13},"end":{"line":139,"column":26}},"loc":{"start":{"line":140,"column":2},"end":{"line":140,"column":null}},"line":140},"9":{"name":"(anonymous_9)","decl":{"start":{"line":150,"column":13},"end":{"line":150,"column":28}},"loc":{"start":{"line":151,"column":2},"end":{"line":151,"column":null}},"line":151}},"branchMap":{"0":{"loc":{"start":{"line":22,"column":2},"end":{"line":22,"column":null}},"type":"default-arg","locations":[{"start":{"line":22,"column":11},"end":{"line":22,"column":null}}],"line":22},"1":{"loc":{"start":{"line":24,"column":2},"end":{"line":24,"column":null}},"type":"default-arg","locations":[{"start":{"line":24,"column":24},"end":{"line":24,"column":null}}],"line":24},"2":{"loc":{"start":{"line":27,"column":4},"end":{"line":27,"column":null}},"type":"if","locations":[{"start":{"line":27,"column":4},"end":{"line":27,"column":null}},{"start":{},"end":{}}],"line":27},"3":{"loc":{"start":{"line":27,"column":8},"end":{"line":27,"column":29}},"type":"binary-expr","locations":[{"start":{"line":27,"column":8},"end":{"line":27,"column":19}},{"start":{"line":27,"column":19},"end":{"line":27,"column":29}}],"line":27},"4":{"loc":{"start":{"line":29,"column":6},"end":{"line":29,"column":null}},"type":"if","locations":[{"start":{"line":29,"column":6},"end":{"line":29,"column":null}},{"start":{},"end":{}}],"line":29},"5":{"loc":{"start":{"line":35,"column":2},"end":{"line":35,"column":null}},"type":"if","locations":[{"start":{"line":35,"column":2},"end":{"line":35,"column":null}},{"start":{},"end":{}}],"line":35},"6":{"loc":{"start":{"line":41,"column":8},"end":{"line":41,"column":null}},"type":"cond-expr","locations":[{"start":{"line":41,"column":28},"end":{"line":41,"column":40}},{"start":{"line":41,"column":40},"end":{"line":41,"column":null}}],"line":41},"7":{"loc":{"start":{"line":43,"column":15},"end":{"line":43,"column":null}},"type":"cond-expr","locations":[{"start":{"line":43,"column":38},"end":{"line":43,"column":105}},{"start":{"line":43,"column":105},"end":{"line":43,"column":null}}],"line":43},"8":{"loc":{"start":{"line":43,"column":15},"end":{"line":43,"column":49}},"type":"binary-expr","locations":[{"start":{"line":43,"column":15},"end":{"line":43,"column":38}},{"start":{"line":43,"column":38},"end":{"line":43,"column":49}}],"line":43},"9":{"loc":{"start":{"line":43,"column":57},"end":{"line":43,"column":101}},"type":"if","locations":[{"start":{"line":43,"column":57},"end":{"line":43,"column":101}},{"start":{},"end":{}}],"line":43},"10":{"loc":{"start":{"line":49,"column":2},"end":{"line":49,"column":null}},"type":"if","locations":[{"start":{"line":49,"column":2},"end":{"line":49,"column":null}},{"start":{},"end":{}}],"line":49},"11":{"loc":{"start":{"line":70,"column":2},"end":{"line":70,"column":null}},"type":"default-arg","locations":[{"start":{"line":70,"column":9},"end":{"line":70,"column":null}}],"line":70},"12":{"loc":{"start":{"line":106,"column":2},"end":{"line":106,"column":null}},"type":"default-arg","locations":[{"start":{"line":106,"column":16},"end":{"line":106,"column":null}}],"line":106},"13":{"loc":{"start":{"line":107,"column":2},"end":{"line":107,"column":null}},"type":"default-arg","locations":[{"start":{"line":107,"column":18},"end":{"line":107,"column":null}}],"line":107},"14":{"loc":{"start":{"line":112,"column":7},"end":{"line":121,"column":7}},"type":"binary-expr","locations":[{"start":{"line":112,"column":7},"end":{"line":112,"column":null}},{"start":{"line":113,"column":8},"end":{"line":121,"column":7}}],"line":112},"15":{"loc":{"start":{"line":113,"column":8},"end":{"line":121,"column":7}},"type":"cond-expr","locations":[{"start":{"line":114,"column":10},"end":{"line":118,"column":11}},{"start":{"line":118,"column":10},"end":{"line":121,"column":7}}],"line":113},"16":{"loc":{"start":{"line":123,"column":9},"end":{"line":124,"column":null}},"type":"binary-expr","locations":[{"start":{"line":123,"column":9},"end":{"line":123,"column":21}},{"start":{"line":123,"column":21},"end":{"line":124,"column":null}}],"line":123}},"s":{"0":1,"1":28,"2":8,"3":0,"4":8,"5":0,"6":0,"7":8,"8":8,"9":8,"10":28,"11":0,"12":28,"13":0,"14":0,"15":28,"16":0,"17":28,"18":1,"19":1,"20":28,"21":9,"22":1,"23":28,"24":1,"25":28,"26":1,"27":0},"f":{"0":28,"1":8,"2":0,"3":8,"4":0,"5":28,"6":9,"7":28,"8":28,"9":0},"b":{"0":[28],"1":[28],"2":[0,8],"3":[8,8],"4":[0,0],"5":[0,28],"6":[28,0],"7":[0,0],"8":[28,28],"9":[0,0],"10":[0,28],"11":[28],"12":[28],"13":[28],"14":[28,28],"15":[0,28],"16":[28,0]},"meta":{"lastBranch":17,"lastFunction":10,"lastStatement":28,"seen":{"s:19:13:51:Infinity":0,"f:19:13:19:29":0,"b:22:11:22:Infinity":0,"b:24:24:24:Infinity":1,"s:26:2:33:Infinity":1,"f:26:2:26:18":1,"b:27:4:27:Infinity:undefined:undefined:undefined:undefined":2,"s:27:4:27:Infinity":2,"b:27:8:27:19:27:19:27:29":3,"s:27:29:27:Infinity":3,"s:28:10:30:Infinity":4,"f:28:10:28:23":2,"b:29:6:29:Infinity:undefined:undefined:undefined:undefined":4,"s:29:6:29:Infinity":5,"s:29:30:29:Infinity":6,"s:31:4:31:Infinity":7,"s:32:4:32:Infinity":8,"f:32:4:32:17":3,"s:32:17:32:Infinity":9,"b:35:2:35:Infinity:undefined:undefined:undefined:undefined":5,"s:35:2:35:Infinity":10,"s:35:15:35:Infinity":11,"s:38:4:46:Infinity":12,"b:41:28:41:40:41:40:41:Infinity":6,"b:43:38:43:105:43:105:43:Infinity":7,"b:43:15:43:38:43:38:43:49":8,"f:43:38:43:49":4,"b:43:57:43:101:undefined:undefined:undefined:undefined":9,"s:43:57:43:101":13,"s:43:91:43:101":14,"b:49:2:49:Infinity:undefined:undefined:undefined:undefined":10,"s:49:2:49:Infinity":15,"s:49:39:49:Infinity":16,"s:50:2:50:Infinity":17,"s:61:17:66:Infinity":18,"s:68:13:84:Infinity":19,"f:68:13:68:31":5,"s:73:2:84:Infinity":20,"b:70:9:70:Infinity":11,"f:81:4:81:14":6,"s:81:20:81:Infinity":21,"s:101:13:129:Infinity":22,"f:101:13:101:28":7,"s:110:2:129:Infinity":23,"b:106:16:106:Infinity":12,"b:107:18:107:Infinity":13,"b:112:7:112:Infinity:113:8:121:7":14,"b:114:10:118:11:118:10:121:7":15,"b:123:9:123:21:123:21:124:Infinity":16,"s:139:13:140:Infinity":24,"f:139:13:139:26":8,"s:140:2:140:Infinity":25,"s:150:13:151:Infinity":26,"f:150:13:150:28":9,"s:151:2:151:Infinity":27}}}
,"D:\\GRYF AI\\WORKFLOW\\src\\components\\ui\\button.tsx": {"path":"D:\\GRYF AI\\WORKFLOW\\src\\components\\ui\\button.tsx","statementMap":{"0":{"start":{"line":8,"column":6},"end":{"line":42,"column":null}},"1":{"start":{"line":50,"column":15},"end":{"line":61,"column":null}},"2":{"start":{"line":52,"column":17},"end":{"line":52,"column":null}},"3":{"start":{"line":53,"column":4},"end":{"line":58,"column":null}},"4":{"start":{"line":62,"column":0},"end":{"line":62,"column":null}}},"fnMap":{"0":{"name":"(anonymous_0)","decl":{"start":{"line":50,"column":21},"end":{"line":50,"column":null}},"loc":{"start":{"line":51,"column":68},"end":{"line":60,"column":null}},"line":51}},"branchMap":{"0":{"loc":{"start":{"line":51,"column":31},"end":{"line":51,"column":48}},"type":"default-arg","locations":[{"start":{"line":51,"column":41},"end":{"line":51,"column":48}}],"line":51},"1":{"loc":{"start":{"line":52,"column":17},"end":{"line":52,"column":null}},"type":"cond-expr","locations":[{"start":{"line":52,"column":27},"end":{"line":52,"column":34}},{"start":{"line":52,"column":34},"end":{"line":52,"column":null}}],"line":52}},"s":{"0":1,"1":1,"2":84,"3":84,"4":1},"f":{"0":84},"b":{"0":[84],"1":[0,84]},"meta":{"lastBranch":2,"lastFunction":1,"lastStatement":5,"seen":{"s:8:6:42:Infinity":0,"s:50:15:61:Infinity":1,"f:50:21:50:Infinity":0,"b:51:41:51:48":0,"s:52:17:52:Infinity":2,"b:52:27:52:34:52:34:52:Infinity":1,"s:53:4:58:Infinity":3,"s:62:0:62:Infinity":4}}}
,"D:\\GRYF AI\\WORKFLOW\\src\\components\\ui\\input.tsx": {"path":"D:\\GRYF AI\\WORKFLOW\\src\\components\\ui\\input.tsx","statementMap":{"0":{"start":{"line":7,"column":14},"end":{"line":21,"column":null}},"1":{"start":{"line":9,"column":4},"end":{"line":18,"column":null}},"2":{"start":{"line":22,"column":0},"end":{"line":22,"column":null}}},"fnMap":{"0":{"name":"(anonymous_0)","decl":{"start":{"line":7,"column":20},"end":{"line":7,"column":null}},"loc":{"start":{"line":8,"column":42},"end":{"line":20,"column":null}},"line":8}},"branchMap":{},"s":{"0":1,"1":11,"2":1},"f":{"0":11},"b":{},"meta":{"lastBranch":0,"lastFunction":1,"lastStatement":3,"seen":{"s:7:14:21:Infinity":0,"f:7:20:7:Infinity":0,"s:9:4:18:Infinity":1,"s:22:0:22:Infinity":2}}}
,"D:\\GRYF AI\\WORKFLOW\\src\\lib\\errorHandler.ts": {"path":"D:\\GRYF AI\\WORKFLOW\\src\\lib\\errorHandler.ts","statementMap":{"0":{"start":{"line":38,"column":58},"end":{"line":38,"column":null}},"1":{"start":{"line":39,"column":2},"end":{"line":53,"column":null}},"2":{"start":{"line":40,"column":4},"end":{"line":40,"column":null}},"3":{"start":{"line":42,"column":4},"end":{"line":44,"column":null}},"4":{"start":{"line":43,"column":6},"end":{"line":43,"column":null}},"5":{"start":{"line":45,"column":4},"end":{"line":50,"column":null}},"6":{"start":{"line":46,"column":25},"end":{"line":46,"column":null}},"7":{"start":{"line":48,"column":22},"end":{"line":48,"column":null}},"8":{"start":{"line":49,"column":6},"end":{"line":49,"column":null}},"9":{"start":{"line":51,"column":4},"end":{"line":51,"column":null}},"10":{"start":{"line":52,"column":4},"end":{"line":52,"column":null}},"11":{"start":{"line":63,"column":39},"end":{"line":63,"column":null}},"12":{"start":{"line":64,"column":2},"end":{"line":71,"column":null}},"13":{"start":{"line":65,"column":4},"end":{"line":65,"column":null}},"14":{"start":{"line":67,"column":4},"end":{"line":69,"column":null}},"15":{"start":{"line":68,"column":6},"end":{"line":68,"column":null}},"16":{"start":{"line":70,"column":4},"end":{"line":70,"column":null}}},"fnMap":{"0":{"name":"tryCatchToast","decl":{"start":{"line":34,"column":22},"end":{"line":34,"column":null}},"loc":{"start":{"line":37,"column":26},"end":{"line":54,"column":null}},"line":37},"1":{"name":"tryCatchSync","decl":{"start":{"line":59,"column":16},"end":{"line":59,"column":null}},"loc":{"start":{"line":62,"column":17},"end":{"line":72,"column":null}},"line":62}},"branchMap":{"0":{"loc":{"start":{"line":36,"column":2},"end":{"line":36,"column":null}},"type":"default-arg","locations":[{"start":{"line":36,"column":32},"end":{"line":36,"column":null}}],"line":36},"1":{"loc":{"start":{"line":38,"column":30},"end":{"line":38,"column":46}},"type":"default-arg","locations":[{"start":{"line":38,"column":39},"end":{"line":38,"column":46}}],"line":38},"2":{"loc":{"start":{"line":42,"column":4},"end":{"line":44,"column":null}},"type":"if","locations":[{"start":{"line":42,"column":4},"end":{"line":44,"column":null}},{"start":{},"end":{}}],"line":42},"3":{"loc":{"start":{"line":42,"column":8},"end":{"line":42,"column":40}},"type":"binary-expr","locations":[{"start":{"line":42,"column":8},"end":{"line":42,"column":19}},{"start":{"line":42,"column":19},"end":{"line":42,"column":40}}],"line":42},"4":{"loc":{"start":{"line":43,"column":39},"end":{"line":43,"column":61}},"type":"binary-expr","locations":[{"start":{"line":43,"column":39},"end":{"line":43,"column":51}},{"start":{"line":43,"column":51},"end":{"line":43,"column":61}}],"line":43},"5":{"loc":{"start":{"line":45,"column":4},"end":{"line":50,"column":null}},"type":"if","locations":[{"start":{"line":45,"column":4},"end":{"line":50,"column":null}},{"start":{},"end":{}}],"line":45},"6":{"loc":{"start":{"line":48,"column":22},"end":{"line":48,"column":null}},"type":"cond-expr","locations":[{"start":{"line":48,"column":48},"end":{"line":48,"column":61}},{"start":{"line":48,"column":61},"end":{"line":48,"column":null}}],"line":48},"7":{"loc":{"start":{"line":61,"column":2},"end":{"line":61,"column":null}},"type":"default-arg","locations":[{"start":{"line":61,"column":61},"end":{"line":61,"column":null}}],"line":61},"8":{"loc":{"start":{"line":63,"column":20},"end":{"line":63,"column":39}},"type":"default-arg","locations":[{"start":{"line":63,"column":29},"end":{"line":63,"column":39}}],"line":63},"9":{"loc":{"start":{"line":67,"column":4},"end":{"line":69,"column":null}},"type":"if","locations":[{"start":{"line":67,"column":4},"end":{"line":69,"column":null}},{"start":{},"end":{}}],"line":67},"10":{"loc":{"start":{"line":67,"column":8},"end":{"line":67,"column":40}},"type":"binary-expr","locations":[{"start":{"line":67,"column":8},"end":{"line":67,"column":19}},{"start":{"line":67,"column":19},"end":{"line":67,"column":40}}],"line":67}},"s":{"0":6,"1":6,"2":6,"3":4,"4":0,"5":4,"6":0,"7":0,"8":0,"9":4,"10":4,"11":3,"12":3,"13":3,"14":2,"15":0,"16":2},"f":{"0":6,"1":3},"b":{"0":[6],"1":[6],"2":[0,4],"3":[4,0],"4":[0,0],"5":[0,4],"6":[0,0],"7":[3],"8":[3],"9":[0,2],"10":[2,0]},"meta":{"lastBranch":11,"lastFunction":2,"lastStatement":17,"seen":{"f:34:22:34:Infinity":0,"b:36:32:36:Infinity":0,"s:38:58:38:Infinity":0,"b:38:39:38:46":1,"s:39:2:53:Infinity":1,"s:40:4:40:Infinity":2,"b:42:4:44:Infinity:undefined:undefined:undefined:undefined":2,"s:42:4:44:Infinity":3,"b:42:8:42:19:42:19:42:40":3,"s:43:6:43:Infinity":4,"b:43:39:43:51:43:51:43:61":4,"b:45:4:50:Infinity:undefined:undefined:undefined:undefined":5,"s:45:4:50:Infinity":5,"s:46:25:46:Infinity":6,"s:48:22:48:Infinity":7,"b:48:48:48:61:48:61:48:Infinity":6,"s:49:6:49:Infinity":8,"s:51:4:51:Infinity":9,"s:52:4:52:Infinity":10,"f:59:16:59:Infinity":1,"b:61:61:61:Infinity":7,"s:63:39:63:Infinity":11,"b:63:29:63:39":8,"s:64:2:71:Infinity":12,"s:65:4:65:Infinity":13,"b:67:4:69:Infinity:undefined:undefined:undefined:undefined":9,"s:67:4:69:Infinity":14,"b:67:8:67:19:67:19:67:40":10,"s:68:6:68:Infinity":15,"s:70:4:70:Infinity":16}}}
,"D:\\GRYF AI\\WORKFLOW\\src\\lib\\parseUtils.ts": {"path":"D:\\GRYF AI\\WORKFLOW\\src\\lib\\parseUtils.ts","statementMap":{"0":{"start":{"line":14,"column":2},"end":{"line":20,"column":null}},"1":{"start":{"line":15,"column":4},"end":{"line":19,"column":null}},"2":{"start":{"line":16,"column":6},"end":{"line":16,"column":null}},"3":{"start":{"line":18,"column":6},"end":{"line":18,"column":null}},"4":{"start":{"line":21,"column":2},"end":{"line":21,"column":null}},"5":{"start":{"line":21,"column":26},"end":{"line":21,"column":null}},"6":{"start":{"line":22,"column":2},"end":{"line":22,"column":null}},"7":{"start":{"line":27,"column":2},"end":{"line":33,"column":null}},"8":{"start":{"line":28,"column":4},"end":{"line":32,"column":null}},"9":{"start":{"line":29,"column":6},"end":{"line":29,"column":null}},"10":{"start":{"line":31,"column":6},"end":{"line":31,"column":null}},"11":{"start":{"line":34,"column":2},"end":{"line":34,"column":null}},"12":{"start":{"line":34,"column":26},"end":{"line":34,"column":null}},"13":{"start":{"line":35,"column":2},"end":{"line":35,"column":null}},"14":{"start":{"line":44,"column":13},"end":{"line":45,"column":null}},"15":{"start":{"line":45,"column":2},"end":{"line":45,"column":null}}},"fnMap":{"0":{"name":"parseNodesFromRecord","decl":{"start":{"line":13,"column":16},"end":{"line":13,"column":37}},"loc":{"start":{"line":13,"column":59},"end":{"line":23,"column":null}},"line":13},"1":{"name":"parseEdgesFromRecord","decl":{"start":{"line":26,"column":16},"end":{"line":26,"column":37}},"loc":{"start":{"line":26,"column":59},"end":{"line":36,"column":null}},"line":26},"2":{"name":"(anonymous_2)","decl":{"start":{"line":44,"column":13},"end":{"line":44,"column":34}},"loc":{"start":{"line":45,"column":2},"end":{"line":45,"column":null}},"line":45}},"branchMap":{"0":{"loc":{"start":{"line":14,"column":2},"end":{"line":20,"column":null}},"type":"if","locations":[{"start":{"line":14,"column":2},"end":{"line":20,"column":null}},{"start":{},"end":{}}],"line":14},"1":{"loc":{"start":{"line":21,"column":2},"end":{"line":21,"column":null}},"type":"if","locations":[{"start":{"line":21,"column":2},"end":{"line":21,"column":null}},{"start":{},"end":{}}],"line":21},"2":{"loc":{"start":{"line":27,"column":2},"end":{"line":33,"column":null}},"type":"if","locations":[{"start":{"line":27,"column":2},"end":{"line":33,"column":null}},{"start":{},"end":{}}],"line":27},"3":{"loc":{"start":{"line":34,"column":2},"end":{"line":34,"column":null}},"type":"if","locations":[{"start":{"line":34,"column":2},"end":{"line":34,"column":null}},{"start":{},"end":{}}],"line":34}},"s":{"0":6,"1":3,"2":3,"3":1,"4":3,"5":1,"6":2,"7":3,"8":1,"9":1,"10":0,"11":2,"12":1,"13":1,"14":3,"15":4},"f":{"0":6,"1":3,"2":4},"b":{"0":[3,3],"1":[1,2],"2":[1,2],"3":[1,1]},"meta":{"lastBranch":4,"lastFunction":3,"lastStatement":16,"seen":{"f:13:16:13:37":0,"b:14:2:20:Infinity:undefined:undefined:undefined:undefined":0,"s:14:2:20:Infinity":0,"s:15:4:19:Infinity":1,"s:16:6:16:Infinity":2,"s:18:6:18:Infinity":3,"b:21:2:21:Infinity:undefined:undefined:undefined:undefined":1,"s:21:2:21:Infinity":4,"s:21:26:21:Infinity":5,"s:22:2:22:Infinity":6,"f:26:16:26:37":1,"b:27:2:33:Infinity:undefined:undefined:undefined:undefined":2,"s:27:2:33:Infinity":7,"s:28:4:32:Infinity":8,"s:29:6:29:Infinity":9,"s:31:6:31:Infinity":10,"b:34:2:34:Infinity:undefined:undefined:undefined:undefined":3,"s:34:2:34:Infinity":11,"s:34:26:34:Infinity":12,"s:35:2:35:Infinity":13,"s:44:13:45:Infinity":14,"f:44:13:44:34":2,"s:45:2:45:Infinity":15}}}
,"D:\\GRYF AI\\WORKFLOW\\src\\lib\\schemas.ts": {"path":"D:\\GRYF AI\\WORKFLOW\\src\\lib\\schemas.ts","statementMap":{"0":{"start":{"line":4,"column":19},"end":{"line":9,"column":null}},"1":{"start":{"line":8,"column":68},"end":{"line":8,"column":75}},"2":{"start":{"line":12,"column":19},"end":{"line":16,"column":null}},"3":{"start":{"line":18,"column":25},"end":{"line":18,"column":null}},"4":{"start":{"line":19,"column":25},"end":{"line":19,"column":null}},"5":{"start":{"line":23,"column":2},"end":{"line":30,"column":null}},"6":{"start":{"line":24,"column":17},"end":{"line":24,"column":null}},"7":{"start":{"line":25,"column":4},"end":{"line":25,"column":null}},"8":{"start":{"line":25,"column":30},"end":{"line":25,"column":null}},"9":{"start":{"line":26,"column":19},"end":{"line":26,"column":null}},"10":{"start":{"line":27,"column":4},"end":{"line":27,"column":null}},"11":{"start":{"line":29,"column":4},"end":{"line":29,"column":null}},"12":{"start":{"line":35,"column":2},"end":{"line":42,"column":null}},"13":{"start":{"line":36,"column":17},"end":{"line":36,"column":null}},"14":{"start":{"line":37,"column":4},"end":{"line":37,"column":null}},"15":{"start":{"line":37,"column":30},"end":{"line":37,"column":null}},"16":{"start":{"line":38,"column":19},"end":{"line":38,"column":null}},"17":{"start":{"line":39,"column":4},"end":{"line":39,"column":null}},"18":{"start":{"line":41,"column":4},"end":{"line":41,"column":null}}},"fnMap":{"0":{"name":"(anonymous_0)","decl":{"start":{"line":8,"column":53},"end":{"line":8,"column":63}},"loc":{"start":{"line":8,"column":68},"end":{"line":8,"column":75}},"line":8},"1":{"name":"parseNodesSafe","decl":{"start":{"line":22,"column":16},"end":{"line":22,"column":31}},"loc":{"start":{"line":22,"column":79},"end":{"line":31,"column":null}},"line":22},"2":{"name":"parseEdgesSafe","decl":{"start":{"line":34,"column":16},"end":{"line":34,"column":31}},"loc":{"start":{"line":34,"column":79},"end":{"line":43,"column":null}},"line":34}},"branchMap":{"0":{"loc":{"start":{"line":8,"column":68},"end":{"line":8,"column":75}},"type":"binary-expr","locations":[{"start":{"line":8,"column":68},"end":{"line":8,"column":73}},{"start":{"line":8,"column":73},"end":{"line":8,"column":75}}],"line":8},"1":{"loc":{"start":{"line":24,"column":17},"end":{"line":24,"column":null}},"type":"cond-expr","locations":[{"start":{"line":24,"column":43},"end":{"line":24,"column":61}},{"start":{"line":24,"column":61},"end":{"line":24,"column":null}}],"line":24},"2":{"loc":{"start":{"line":25,"column":4},"end":{"line":25,"column":null}},"type":"if","locations":[{"start":{"line":25,"column":4},"end":{"line":25,"column":null}},{"start":{},"end":{}}],"line":25},"3":{"loc":{"start":{"line":27,"column":11},"end":{"line":27,"column":null}},"type":"cond-expr","locations":[{"start":{"line":27,"column":28},"end":{"line":27,"column":42}},{"start":{"line":27,"column":42},"end":{"line":27,"column":null}}],"line":27},"4":{"loc":{"start":{"line":36,"column":17},"end":{"line":36,"column":null}},"type":"cond-expr","locations":[{"start":{"line":36,"column":43},"end":{"line":36,"column":61}},{"start":{"line":36,"column":61},"end":{"line":36,"column":null}}],"line":36},"5":{"loc":{"start":{"line":37,"column":4},"end":{"line":37,"column":null}},"type":"if","locations":[{"start":{"line":37,"column":4},"end":{"line":37,"column":null}},{"start":{},"end":{}}],"line":37},"6":{"loc":{"start":{"line":39,"column":11},"end":{"line":39,"column":null}},"type":"cond-expr","locations":[{"start":{"line":39,"column":28},"end":{"line":39,"column":42}},{"start":{"line":39,"column":42},"end":{"line":39,"column":null}}],"line":39}},"s":{"0":1,"1":5,"2":1,"3":1,"4":1,"5":10,"6":10,"7":10,"8":4,"9":4,"10":4,"11":2,"12":6,"13":6,"14":6,"15":2,"16":3,"17":3,"18":1},"f":{"0":5,"1":10,"2":6},"b":{"0":[5,0],"1":[4,6],"2":[4,6],"3":[4,0],"4":[2,4],"5":[2,4],"6":[3,0]},"meta":{"lastBranch":7,"lastFunction":3,"lastStatement":19,"seen":{"s:4:19:9:Infinity":0,"f:8:53:8:63":0,"s:8:68:8:75":1,"b:8:68:8:73:8:73:8:75":0,"s:12:19:16:Infinity":2,"s:18:25:18:Infinity":3,"s:19:25:19:Infinity":4,"f:22:16:22:31":1,"s:23:2:30:Infinity":5,"s:24:17:24:Infinity":6,"b:24:43:24:61:24:61:24:Infinity":1,"b:25:4:25:Infinity:undefined:undefined:undefined:undefined":2,"s:25:4:25:Infinity":7,"s:25:30:25:Infinity":8,"s:26:19:26:Infinity":9,"s:27:4:27:Infinity":10,"b:27:28:27:42:27:42:27:Infinity":3,"s:29:4:29:Infinity":11,"f:34:16:34:31":2,"s:35:2:42:Infinity":12,"s:36:17:36:Infinity":13,"b:36:43:36:61:36:61:36:Infinity":4,"b:37:4:37:Infinity:undefined:undefined:undefined:undefined":5,"s:37:4:37:Infinity":14,"s:37:30:37:Infinity":15,"s:38:19:38:Infinity":16,"s:39:4:39:Infinity":17,"b:39:28:39:42:39:42:39:Infinity":6,"s:41:4:41:Infinity":18}}}
,"D:\\GRYF AI\\WORKFLOW\\src\\lib\\tierLimits.ts": {"path":"D:\\GRYF AI\\WORKFLOW\\src\\lib\\tierLimits.ts","statementMap":{"0":{"start":{"line":86,"column":12},"end":{"line":86,"column":null}},"1":{"start":{"line":90,"column":2},"end":{"line":90,"column":null}},"2":{"start":{"line":93,"column":54},"end":{"line":139,"column":null}},"3":{"start":{"line":143,"column":57},"end":{"line":143,"column":null}},"4":{"start":{"line":144,"column":19},"end":{"line":144,"column":null}},"5":{"start":{"line":150,"column":8},"end":{"line":150,"column":null}},"6":{"start":{"line":150,"column":48},"end":{"line":150,"column":null}},"7":{"start":{"line":151,"column":2},"end":{"line":183,"column":null}},"8":{"start":{"line":186,"column":46},"end":{"line":186,"column":null}},"9":{"start":{"line":195,"column":2},"end":{"line":195,"column":null}},"10":{"start":{"line":195,"column":20},"end":{"line":195,"column":null}},"11":{"start":{"line":196,"column":2},"end":{"line":196,"column":null}},"12":{"start":{"line":196,"column":25},"end":{"line":196,"column":null}},"13":{"start":{"line":198,"column":2},"end":{"line":232,"column":null}},"14":{"start":{"line":199,"column":4},"end":{"line":229,"column":null}},"15":{"start":{"line":200,"column":22},"end":{"line":203,"column":null}},"16":{"start":{"line":204,"column":6},"end":{"line":212,"column":null}},"17":{"start":{"line":205,"column":50},"end":{"line":205,"column":null}},"18":{"start":{"line":206,"column":8},"end":{"line":209,"column":null}},"19":{"start":{"line":207,"column":27},"end":{"line":207,"column":null}},"20":{"start":{"line":208,"column":10},"end":{"line":208,"column":null}},"21":{"start":{"line":210,"column":8},"end":{"line":210,"column":null}},"22":{"start":{"line":211,"column":8},"end":{"line":211,"column":null}},"23":{"start":{"line":211,"column":33},"end":{"line":211,"column":null}},"24":{"start":{"line":215,"column":6},"end":{"line":226,"column":null}},"25":{"start":{"line":216,"column":8},"end":{"line":225,"column":null}},"26":{"start":{"line":217,"column":27},"end":{"line":217,"column":null}},"27":{"start":{"line":218,"column":10},"end":{"line":218,"column":null}},"28":{"start":{"line":218,"column":32},"end":{"line":218,"column":null}},"29":{"start":{"line":219,"column":10},"end":{"line":219,"column":null}},"30":{"start":{"line":220,"column":10},"end":{"line":220,"column":null}},"31":{"start":{"line":220,"column":35},"end":{"line":220,"column":null}},"32":{"start":{"line":221,"column":15},"end":{"line":225,"column":null}},"33":{"start":{"line":222,"column":27},"end":{"line":222,"column":null}},"34":{"start":{"line":223,"column":10},"end":{"line":223,"column":null}},"35":{"start":{"line":223,"column":31},"end":{"line":223,"column":null}},"36":{"start":{"line":224,"column":10},"end":{"line":224,"column":null}},"37":{"start":{"line":224,"column":35},"end":{"line":224,"column":null}},"38":{"start":{"line":228,"column":6},"end":{"line":228,"column":null}},"39":{"start":{"line":230,"column":4},"end":{"line":230,"column":null}},"40":{"start":{"line":231,"column":4},"end":{"line":231,"column":null}},"41":{"start":{"line":234,"column":2},"end":{"line":234,"column":null}},"42":{"start":{"line":242,"column":2},"end":{"line":244,"column":null}},"43":{"start":{"line":245,"column":2},"end":{"line":245,"column":null}},"44":{"start":{"line":252,"column":17},"end":{"line":252,"column":null}},"45":{"start":{"line":253,"column":2},"end":{"line":253,"column":null}},"46":{"start":{"line":253,"column":46},"end":{"line":253,"column":71}},"47":{"start":{"line":262,"column":8},"end":{"line":262,"column":null}},"48":{"start":{"line":263,"column":2},"end":{"line":263,"column":null}},"49":{"start":{"line":263,"column":22},"end":{"line":263,"column":null}},"50":{"start":{"line":265,"column":2},"end":{"line":265,"column":null}},"51":{"start":{"line":265,"column":22},"end":{"line":265,"column":null}},"52":{"start":{"line":266,"column":21},"end":{"line":266,"column":null}},"53":{"start":{"line":267,"column":2},"end":{"line":267,"column":null}},"54":{"start":{"line":267,"column":35},"end":{"line":267,"column":null}},"55":{"start":{"line":268,"column":2},"end":{"line":268,"column":null}},"56":{"start":{"line":276,"column":8},"end":{"line":276,"column":null}},"57":{"start":{"line":277,"column":17},"end":{"line":277,"column":null}},"58":{"start":{"line":278,"column":2},"end":{"line":278,"column":null}},"59":{"start":{"line":285,"column":8},"end":{"line":285,"column":null}},"60":{"start":{"line":286,"column":17},"end":{"line":286,"column":null}},"61":{"start":{"line":287,"column":2},"end":{"line":287,"column":null}},"62":{"start":{"line":294,"column":2},"end":{"line":294,"column":null}},"63":{"start":{"line":301,"column":2},"end":{"line":301,"column":null}},"64":{"start":{"line":308,"column":2},"end":{"line":308,"column":null}},"65":{"start":{"line":316,"column":2},"end":{"line":316,"column":null}}},"fnMap":{"0":{"name":"toInf","decl":{"start":{"line":89,"column":9},"end":{"line":89,"column":15}},"loc":{"start":{"line":89,"column":36},"end":{"line":91,"column":null}},"line":89},"1":{"name":"mapRecordToConfig","decl":{"start":{"line":149,"column":9},"end":{"line":149,"column":27}},"loc":{"start":{"line":149,"column":69},"end":{"line":184,"column":null}},"line":149},"2":{"name":"(anonymous_2)","decl":{"start":{"line":150,"column":8},"end":{"line":150,"column":15}},"loc":{"start":{"line":150,"column":48},"end":{"line":150,"column":null}},"line":150},"3":{"name":"loadTierConfig","decl":{"start":{"line":194,"column":22},"end":{"line":194,"column":54}},"loc":{"start":{"line":194,"column":54},"end":{"line":235,"column":null}},"line":194},"4":{"name":"(anonymous_4)","decl":{"start":{"line":198,"column":23},"end":{"line":198,"column":35}},"loc":{"start":{"line":198,"column":35},"end":{"line":232,"column":5}},"line":198},"5":{"name":"(anonymous_5)","decl":{"start":{"line":215,"column":54},"end":{"line":215,"column":60}},"loc":{"start":{"line":215,"column":66},"end":{"line":226,"column":7}},"line":215},"6":{"name":"unloadTierConfig","decl":{"start":{"line":241,"column":16},"end":{"line":241,"column":41}},"loc":{"start":{"line":241,"column":41},"end":{"line":246,"column":null}},"line":241},"7":{"name":"(anonymous_7)","decl":{"start":{"line":242,"column":57},"end":{"line":242,"column":69}},"loc":{"start":{"line":242,"column":69},"end":{"line":244,"column":3}},"line":242},"8":{"name":"getAllTierConfigs","decl":{"start":{"line":251,"column":16},"end":{"line":251,"column":50}},"loc":{"start":{"line":251,"column":50},"end":{"line":254,"column":null}},"line":251},"9":{"name":"(anonymous_9)","decl":{"start":{"line":253,"column":31},"end":{"line":253,"column":37}},"loc":{"start":{"line":253,"column":46},"end":{"line":253,"column":71}},"line":253},"10":{"name":"getEffectiveTier","decl":{"start":{"line":261,"column":16},"end":{"line":261,"column":33}},"loc":{"start":{"line":261,"column":100},"end":{"line":269,"column":null}},"line":261},"11":{"name":"getTierLimits","decl":{"start":{"line":275,"column":16},"end":{"line":275,"column":30}},"loc":{"start":{"line":275,"column":68},"end":{"line":279,"column":null}},"line":275},"12":{"name":"getTierConfig","decl":{"start":{"line":284,"column":16},"end":{"line":284,"column":30}},"loc":{"start":{"line":284,"column":68},"end":{"line":288,"column":null}},"line":284},"13":{"name":"getTierLabel","decl":{"start":{"line":293,"column":16},"end":{"line":293,"column":29}},"loc":{"start":{"line":293,"column":63},"end":{"line":295,"column":null}},"line":293},"14":{"name":"getTierColor","decl":{"start":{"line":300,"column":16},"end":{"line":300,"column":29}},"loc":{"start":{"line":300,"column":63},"end":{"line":302,"column":null}},"line":300},"15":{"name":"getTierBgColor","decl":{"start":{"line":307,"column":16},"end":{"line":307,"column":31}},"loc":{"start":{"line":307,"column":65},"end":{"line":309,"column":null}},"line":307},"16":{"name":"formatLimit","decl":{"start":{"line":315,"column":16},"end":{"line":315,"column":28}},"loc":{"start":{"line":315,"column":51},"end":{"line":317,"column":null}},"line":315}},"branchMap":{"0":{"loc":{"start":{"line":90,"column":9},"end":{"line":90,"column":null}},"type":"cond-expr","locations":[{"start":{"line":90,"column":22},"end":{"line":90,"column":33}},{"start":{"line":90,"column":33},"end":{"line":90,"column":null}}],"line":90},"1":{"loc":{"start":{"line":150,"column":55},"end":{"line":150,"column":68}},"type":"binary-expr","locations":[{"start":{"line":150,"column":55},"end":{"line":150,"column":60}},{"start":{"line":150,"column":60},"end":{"line":150,"column":68}}],"line":150},"2":{"loc":{"start":{"line":152,"column":18},"end":{"line":152,"column":45}},"type":"binary-expr","locations":[{"start":{"line":152,"column":18},"end":{"line":152,"column":31}},{"start":{"line":152,"column":31},"end":{"line":152,"column":43}},{"start":{"line":152,"column":43},"end":{"line":152,"column":45}}],"line":152},"3":{"loc":{"start":{"line":153,"column":18},"end":{"line":153,"column":54}},"type":"binary-expr","locations":[{"start":{"line":153,"column":18},"end":{"line":153,"column":31}},{"start":{"line":153,"column":31},"end":{"line":153,"column":54}}],"line":153},"4":{"loc":{"start":{"line":154,"column":20},"end":{"line":154,"column":52}},"type":"binary-expr","locations":[{"start":{"line":154,"column":20},"end":{"line":154,"column":36}},{"start":{"line":154,"column":36},"end":{"line":154,"column":52}}],"line":154},"5":{"loc":{"start":{"line":173,"column":15},"end":{"line":173,"column":null}},"type":"binary-expr","locations":[{"start":{"line":173,"column":15},"end":{"line":173,"column":32}},{"start":{"line":173,"column":32},"end":{"line":173,"column":null}}],"line":173},"6":{"loc":{"start":{"line":195,"column":2},"end":{"line":195,"column":null}},"type":"if","locations":[{"start":{"line":195,"column":2},"end":{"line":195,"column":null}},{"start":{},"end":{}}],"line":195},"7":{"loc":{"start":{"line":196,"column":2},"end":{"line":196,"column":null}},"type":"if","locations":[{"start":{"line":196,"column":2},"end":{"line":196,"column":null}},{"start":{},"end":{}}],"line":196},"8":{"loc":{"start":{"line":204,"column":6},"end":{"line":212,"column":null}},"type":"if","locations":[{"start":{"line":204,"column":6},"end":{"line":212,"column":null}},{"start":{},"end":{}}],"line":204},"9":{"loc":{"start":{"line":211,"column":8},"end":{"line":211,"column":null}},"type":"if","locations":[{"start":{"line":211,"column":8},"end":{"line":211,"column":null}},{"start":{},"end":{}}],"line":211},"10":{"loc":{"start":{"line":216,"column":8},"end":{"line":225,"column":null}},"type":"if","locations":[{"start":{"line":216,"column":8},"end":{"line":225,"column":null}},{"start":{"line":221,"column":15},"end":{"line":225,"column":null}}],"line":216},"11":{"loc":{"start":{"line":216,"column":12},"end":{"line":216,"column":60}},"type":"binary-expr","locations":[{"start":{"line":216,"column":12},"end":{"line":216,"column":37}},{"start":{"line":216,"column":37},"end":{"line":216,"column":60}}],"line":216},"12":{"loc":{"start":{"line":218,"column":10},"end":{"line":218,"column":null}},"type":"if","locations":[{"start":{"line":218,"column":10},"end":{"line":218,"column":null}},{"start":{},"end":{}}],"line":218},"13":{"loc":{"start":{"line":220,"column":10},"end":{"line":220,"column":null}},"type":"if","locations":[{"start":{"line":220,"column":10},"end":{"line":220,"column":null}},{"start":{},"end":{}}],"line":220},"14":{"loc":{"start":{"line":221,"column":15},"end":{"line":225,"column":null}},"type":"if","locations":[{"start":{"line":221,"column":15},"end":{"line":225,"column":null}},{"start":{},"end":{}}],"line":221},"15":{"loc":{"start":{"line":223,"column":10},"end":{"line":223,"column":null}},"type":"if","locations":[{"start":{"line":223,"column":10},"end":{"line":223,"column":null}},{"start":{},"end":{}}],"line":223},"16":{"loc":{"start":{"line":224,"column":10},"end":{"line":224,"column":null}},"type":"if","locations":[{"start":{"line":224,"column":10},"end":{"line":224,"column":null}},{"start":{},"end":{}}],"line":224},"17":{"loc":{"start":{"line":252,"column":17},"end":{"line":252,"column":null}},"type":"binary-expr","locations":[{"start":{"line":252,"column":17},"end":{"line":252,"column":36}},{"start":{"line":252,"column":36},"end":{"line":252,"column":null}}],"line":252},"18":{"loc":{"start":{"line":262,"column":16},"end":{"line":262,"column":32}},"type":"binary-expr","locations":[{"start":{"line":262,"column":16},"end":{"line":262,"column":24}},{"start":{"line":262,"column":24},"end":{"line":262,"column":32}}],"line":262},"19":{"loc":{"start":{"line":263,"column":2},"end":{"line":263,"column":null}},"type":"if","locations":[{"start":{"line":263,"column":2},"end":{"line":263,"column":null}},{"start":{},"end":{}}],"line":263},"20":{"loc":{"start":{"line":265,"column":2},"end":{"line":265,"column":null}},"type":"if","locations":[{"start":{"line":265,"column":2},"end":{"line":265,"column":null}},{"start":{},"end":{}}],"line":265},"21":{"loc":{"start":{"line":267,"column":2},"end":{"line":267,"column":null}},"type":"if","locations":[{"start":{"line":267,"column":2},"end":{"line":267,"column":null}},{"start":{},"end":{}}],"line":267},"22":{"loc":{"start":{"line":268,"column":9},"end":{"line":268,"column":null}},"type":"cond-expr","locations":[{"start":{"line":268,"column":45},"end":{"line":268,"column":51}},{"start":{"line":268,"column":51},"end":{"line":268,"column":null}}],"line":268},"23":{"loc":{"start":{"line":276,"column":15},"end":{"line":276,"column":31}},"type":"binary-expr","locations":[{"start":{"line":276,"column":15},"end":{"line":276,"column":23}},{"start":{"line":276,"column":23},"end":{"line":276,"column":31}}],"line":276},"24":{"loc":{"start":{"line":277,"column":17},"end":{"line":277,"column":null}},"type":"binary-expr","locations":[{"start":{"line":277,"column":17},"end":{"line":277,"column":36}},{"start":{"line":277,"column":36},"end":{"line":277,"column":null}}],"line":277},"25":{"loc":{"start":{"line":278,"column":9},"end":{"line":278,"column":null}},"type":"binary-expr","locations":[{"start":{"line":278,"column":9},"end":{"line":278,"column":36}},{"start":{"line":278,"column":36},"end":{"line":278,"column":54}},{"start":{"line":278,"column":54},"end":{"line":278,"column":null}}],"line":278},"26":{"loc":{"start":{"line":285,"column":15},"end":{"line":285,"column":31}},"type":"binary-expr","locations":[{"start":{"line":285,"column":15},"end":{"line":285,"column":23}},{"start":{"line":285,"column":23},"end":{"line":285,"column":31}}],"line":285},"27":{"loc":{"start":{"line":286,"column":17},"end":{"line":286,"column":null}},"type":"binary-expr","locations":[{"start":{"line":286,"column":17},"end":{"line":286,"column":36}},{"start":{"line":286,"column":36},"end":{"line":286,"column":null}}],"line":286},"28":{"loc":{"start":{"line":287,"column":9},"end":{"line":287,"column":null}},"type":"binary-expr","locations":[{"start":{"line":287,"column":9},"end":{"line":287,"column":36}},{"start":{"line":287,"column":36},"end":{"line":287,"column":54}},{"start":{"line":287,"column":54},"end":{"line":287,"column":null}}],"line":287},"29":{"loc":{"start":{"line":316,"column":9},"end":{"line":316,"column":null}},"type":"cond-expr","locations":[{"start":{"line":316,"column":30},"end":{"line":316,"column":36}},{"start":{"line":316,"column":36},"end":{"line":316,"column":null}}],"line":316}},"s":{"0":2,"1":0,"2":2,"3":2,"4":2,"5":0,"6":0,"7":0,"8":2,"9":1,"10":0,"11":1,"12":0,"13":1,"14":1,"15":1,"16":1,"17":0,"18":0,"19":0,"20":0,"21":0,"22":0,"23":0,"24":1,"25":0,"26":0,"27":0,"28":0,"29":0,"30":0,"31":0,"32":0,"33":0,"34":0,"35":0,"36":0,"37":0,"38":0,"39":1,"40":1,"41":1,"42":0,"43":0,"44":0,"45":0,"46":0,"47":12,"48":12,"49":3,"50":9,"51":5,"52":4,"53":4,"54":1,"55":3,"56":4,"57":4,"58":4,"59":7,"60":7,"61":7,"62":3,"63":2,"64":2,"65":4},"f":{"0":0,"1":0,"2":0,"3":1,"4":1,"5":0,"6":0,"7":0,"8":0,"9":0,"10":12,"11":4,"12":7,"13":3,"14":2,"15":2,"16":4},"b":{"0":[0,0],"1":[0,0],"2":[0,0,0],"3":[0,0],"4":[0,0],"5":[0,0],"6":[0,1],"7":[0,1],"8":[0,1],"9":[0,0],"10":[0,0],"11":[0,0],"12":[0,0],"13":[0,0],"14":[0,0],"15":[0,0],"16":[0,0],"17":[0,0],"18":[12,2],"19":[3,9],"20":[5,4],"21":[1,3],"22":[1,2],"23":[4,1],"24":[4,4],"25":[4,1,0],"26":[7,0],"27":[7,7],"28":[7,0,0],"29":[1,3]},"meta":{"lastBranch":30,"lastFunction":17,"lastStatement":66,"seen":{"s:86:12:86:Infinity":0,"f:89:9:89:15":0,"s:90:2:90:Infinity":1,"b:90:22:90:33:90:33:90:Infinity":0,"s:93:54:139:Infinity":2,"s:143:57:143:Infinity":3,"s:144:19:144:Infinity":4,"f:149:9:149:27":1,"s:150:8:150:Infinity":5,"f:150:8:150:15":2,"s:150:48:150:Infinity":6,"b:150:55:150:60:150:60:150:68":1,"s:151:2:183:Infinity":7,"b:152:18:152:31:152:31:152:43:152:43:152:45":2,"b:153:18:153:31:153:31:153:54":3,"b:154:20:154:36:154:36:154:52":4,"b:173:15:173:32:173:32:173:Infinity":5,"s:186:46:186:Infinity":8,"f:194:22:194:54":3,"b:195:2:195:Infinity:undefined:undefined:undefined:undefined":6,"s:195:2:195:Infinity":9,"s:195:20:195:Infinity":10,"b:196:2:196:Infinity:undefined:undefined:undefined:undefined":7,"s:196:2:196:Infinity":11,"s:196:25:196:Infinity":12,"s:198:2:232:Infinity":13,"f:198:23:198:35":4,"s:199:4:229:Infinity":14,"s:200:22:203:Infinity":15,"b:204:6:212:Infinity:undefined:undefined:undefined:undefined":8,"s:204:6:212:Infinity":16,"s:205:50:205:Infinity":17,"s:206:8:209:Infinity":18,"s:207:27:207:Infinity":19,"s:208:10:208:Infinity":20,"s:210:8:210:Infinity":21,"b:211:8:211:Infinity:undefined:undefined:undefined:undefined":9,"s:211:8:211:Infinity":22,"s:211:33:211:Infinity":23,"s:215:6:226:Infinity":24,"f:215:54:215:60":5,"b:216:8:225:Infinity:221:15:225:Infinity":10,"s:216:8:225:Infinity":25,"b:216:12:216:37:216:37:216:60":11,"s:217:27:217:Infinity":26,"b:218:10:218:Infinity:undefined:undefined:undefined:undefined":12,"s:218:10:218:Infinity":27,"s:218:32:218:Infinity":28,"s:219:10:219:Infinity":29,"b:220:10:220:Infinity:undefined:undefined:undefined:undefined":13,"s:220:10:220:Infinity":30,"s:220:35:220:Infinity":31,"b:221:15:225:Infinity:undefined:undefined:undefined:undefined":14,"s:221:15:225:Infinity":32,"s:222:27:222:Infinity":33,"b:223:10:223:Infinity:undefined:undefined:undefined:undefined":15,"s:223:10:223:Infinity":34,"s:223:31:223:Infinity":35,"b:224:10:224:Infinity:undefined:undefined:undefined:undefined":16,"s:224:10:224:Infinity":36,"s:224:35:224:Infinity":37,"s:228:6:228:Infinity":38,"s:230:4:230:Infinity":39,"s:231:4:231:Infinity":40,"s:234:2:234:Infinity":41,"f:241:16:241:41":6,"s:242:2:244:Infinity":42,"f:242:57:242:69":7,"s:245:2:245:Infinity":43,"f:251:16:251:50":8,"s:252:17:252:Infinity":44,"b:252:17:252:36:252:36:252:Infinity":17,"s:253:2:253:Infinity":45,"f:253:31:253:37":9,"s:253:46:253:71":46,"f:261:16:261:33":10,"s:262:8:262:Infinity":47,"b:262:16:262:24:262:24:262:32":18,"b:263:2:263:Infinity:undefined:undefined:undefined:undefined":19,"s:263:2:263:Infinity":48,"s:263:22:263:Infinity":49,"b:265:2:265:Infinity:undefined:undefined:undefined:undefined":20,"s:265:2:265:Infinity":50,"s:265:22:265:Infinity":51,"s:266:21:266:Infinity":52,"b:267:2:267:Infinity:undefined:undefined:undefined:undefined":21,"s:267:2:267:Infinity":53,"s:267:35:267:Infinity":54,"s:268:2:268:Infinity":55,"b:268:45:268:51:268:51:268:Infinity":22,"f:275:16:275:30":11,"s:276:8:276:Infinity":56,"b:276:15:276:23:276:23:276:31":23,"s:277:17:277:Infinity":57,"b:277:17:277:36:277:36:277:Infinity":24,"s:278:2:278:Infinity":58,"b:278:9:278:36:278:36:278:54:278:54:278:Infinity":25,"f:284:16:284:30":12,"s:285:8:285:Infinity":59,"b:285:15:285:23:285:23:285:31":26,"s:286:17:286:Infinity":60,"b:286:17:286:36:286:36:286:Infinity":27,"s:287:2:287:Infinity":61,"b:287:9:287:36:287:36:287:54:287:54:287:Infinity":28,"f:293:16:293:29":13,"s:294:2:294:Infinity":62,"f:300:16:300:29":14,"s:301:2:301:Infinity":63,"f:307:16:307:31":15,"s:308:2:308:Infinity":64,"f:315:16:315:28":16,"s:316:2:316:Infinity":65,"b:316:30:316:36:316:36:316:Infinity":29}}}
,"D:\\GRYF AI\\WORKFLOW\\src\\lib\\utils.ts": {"path":"D:\\GRYF AI\\WORKFLOW\\src\\lib\\utils.ts","statementMap":{"0":{"start":{"line":5,"column":2},"end":{"line":5,"column":null}},"1":{"start":{"line":9,"column":2},"end":{"line":9,"column":null}},"2":{"start":{"line":9,"column":13},"end":{"line":9,"column":null}},"3":{"start":{"line":10,"column":2},"end":{"line":12,"column":null}}},"fnMap":{"0":{"name":"cn","decl":{"start":{"line":4,"column":16},"end":{"line":4,"column":19}},"loc":{"start":{"line":4,"column":44},"end":{"line":6,"column":null}},"line":4},"1":{"name":"formatWidows","decl":{"start":{"line":8,"column":16},"end":{"line":8,"column":29}},"loc":{"start":{"line":8,"column":70},"end":{"line":13,"column":null}},"line":8}},"branchMap":{"0":{"loc":{"start":{"line":9,"column":2},"end":{"line":9,"column":null}},"type":"if","locations":[{"start":{"line":9,"column":2},"end":{"line":9,"column":null}},{"start":{},"end":{}}],"line":9}},"s":{"0":235,"1":0,"2":0,"3":0},"f":{"0":235,"1":0},"b":{"0":[0,0]},"meta":{"lastBranch":1,"lastFunction":2,"lastStatement":4,"seen":{"f:4:16:4:19":0,"s:5:2:5:Infinity":0,"f:8:16:8:29":1,"b:9:2:9:Infinity:undefined:undefined:undefined:undefined":0,"s:9:2:9:Infinity":1,"s:9:13:9:Infinity":2,"s:10:2:12:Infinity":3}}}
,"D:\\GRYF AI\\WORKFLOW\\src\\store\\authStore.ts": {"path":"D:\\GRYF AI\\WORKFLOW\\src\\store\\authStore.ts","statementMap":{"0":{"start":{"line":68,"column":51},"end":{"line":68,"column":null}},"1":{"start":{"line":70,"column":13},"end":{"line":613,"column":null}},"2":{"start":{"line":70,"column":61},"end":{"line":613,"column":2}},"3":{"start":{"line":83,"column":35},"end":{"line":83,"column":null}},"4":{"start":{"line":86,"column":4},"end":{"line":92,"column":null}},"5":{"start":{"line":96,"column":4},"end":{"line":96,"column":null}},"6":{"start":{"line":97,"column":4},"end":{"line":97,"column":null}},"7":{"start":{"line":98,"column":4},"end":{"line":108,"column":null}},"8":{"start":{"line":112,"column":22},"end":{"line":112,"column":null}},"9":{"start":{"line":112,"column":49},"end":{"line":112,"column":69}},"10":{"start":{"line":113,"column":4},"end":{"line":116,"column":null}},"11":{"start":{"line":114,"column":6},"end":{"line":114,"column":null}},"12":{"start":{"line":115,"column":6},"end":{"line":115,"column":null}},"13":{"start":{"line":120,"column":20},"end":{"line":120,"column":null}},"14":{"start":{"line":121,"column":16},"end":{"line":121,"column":null}},"15":{"start":{"line":123,"column":4},"end":{"line":163,"column":null}},"16":{"start":{"line":124,"column":6},"end":{"line":141,"column":null}},"17":{"start":{"line":125,"column":8},"end":{"line":140,"column":null}},"18":{"start":{"line":127,"column":27},"end":{"line":127,"column":null}},"19":{"start":{"line":128,"column":10},"end":{"line":128,"column":null}},"20":{"start":{"line":130,"column":24},"end":{"line":130,"column":null}},"21":{"start":{"line":131,"column":10},"end":{"line":134,"column":null}},"22":{"start":{"line":132,"column":12},"end":{"line":132,"column":null}},"23":{"start":{"line":133,"column":12},"end":{"line":133,"column":null}},"24":{"start":{"line":135,"column":10},"end":{"line":135,"column":null}},"25":{"start":{"line":136,"column":10},"end":{"line":136,"column":null}},"26":{"start":{"line":137,"column":10},"end":{"line":137,"column":null}},"27":{"start":{"line":138,"column":10},"end":{"line":138,"column":null}},"28":{"start":{"line":139,"column":10},"end":{"line":139,"column":null}},"29":{"start":{"line":144,"column":22},"end":{"line":144,"column":null}},"30":{"start":{"line":145,"column":28},"end":{"line":145,"column":null}},"31":{"start":{"line":146,"column":12},"end":{"line":146,"column":null}},"32":{"start":{"line":148,"column":6},"end":{"line":159,"column":null}},"33":{"start":{"line":160,"column":6},"end":{"line":160,"column":null}},"34":{"start":{"line":162,"column":6},"end":{"line":162,"column":null}},"35":{"start":{"line":166,"column":4},"end":{"line":166,"column":null}},"36":{"start":{"line":168,"column":4},"end":{"line":168,"column":null}},"37":{"start":{"line":172,"column":4},"end":{"line":175,"column":null}},"38":{"start":{"line":173,"column":6},"end":{"line":173,"column":null}},"39":{"start":{"line":174,"column":6},"end":{"line":174,"column":null}},"40":{"start":{"line":177,"column":19},"end":{"line":177,"column":null}},"41":{"start":{"line":178,"column":4},"end":{"line":178,"column":null}},"42":{"start":{"line":178,"column":17},"end":{"line":178,"column":null}},"43":{"start":{"line":180,"column":4},"end":{"line":379,"column":null}},"44":{"start":{"line":181,"column":6},"end":{"line":378,"column":null}},"45":{"start":{"line":183,"column":22},"end":{"line":188,"column":null}},"46":{"start":{"line":191,"column":28},"end":{"line":197,"column":null}},"47":{"start":{"line":199,"column":29},"end":{"line":199,"column":null}},"48":{"start":{"line":200,"column":52},"end":{"line":200,"column":null}},"49":{"start":{"line":201,"column":50},"end":{"line":201,"column":null}},"50":{"start":{"line":203,"column":8},"end":{"line":214,"column":null}},"51":{"start":{"line":204,"column":10},"end":{"line":213,"column":null}},"52":{"start":{"line":216,"column":8},"end":{"line":242,"column":null}},"53":{"start":{"line":217,"column":10},"end":{"line":241,"column":null}},"54":{"start":{"line":218,"column":12},"end":{"line":228,"column":null}},"55":{"start":{"line":219,"column":14},"end":{"line":227,"column":null}},"56":{"start":{"line":229,"column":17},"end":{"line":241,"column":null}},"57":{"start":{"line":230,"column":30},"end":{"line":239,"column":null}},"58":{"start":{"line":240,"column":12},"end":{"line":240,"column":null}},"59":{"start":{"line":244,"column":21},"end":{"line":244,"column":null}},"60":{"start":{"line":247,"column":8},"end":{"line":260,"column":null}},"61":{"start":{"line":248,"column":38},"end":{"line":248,"column":null}},"62":{"start":{"line":249,"column":10},"end":{"line":257,"column":null}},"63":{"start":{"line":250,"column":12},"end":{"line":253,"column":null}},"64":{"start":{"line":250,"column":39},"end":{"line":253,"column":14}},"65":{"start":{"line":256,"column":12},"end":{"line":256,"column":null}},"66":{"start":{"line":256,"column":33},"end":{"line":256,"column":60}},"67":{"start":{"line":259,"column":10},"end":{"line":259,"column":null}},"68":{"start":{"line":263,"column":8},"end":{"line":326,"column":null}},"69":{"start":{"line":264,"column":10},"end":{"line":325,"column":null}},"70":{"start":{"line":265,"column":12},"end":{"line":317,"column":null}},"71":{"start":{"line":266,"column":14},"end":{"line":290,"column":null}},"72":{"start":{"line":268,"column":36},"end":{"line":272,"column":null}},"73":{"start":{"line":274,"column":16},"end":{"line":289,"column":null}},"74":{"start":{"line":275,"column":32},"end":{"line":278,"column":null}},"75":{"start":{"line":280,"column":18},"end":{"line":283,"column":null}},"76":{"start":{"line":285,"column":18},"end":{"line":285,"column":null}},"77":{"start":{"line":288,"column":18},"end":{"line":288,"column":null}},"78":{"start":{"line":294,"column":14},"end":{"line":294,"column":null}},"79":{"start":{"line":294,"column":39},"end":{"line":294,"column":75}},"80":{"start":{"line":296,"column":42},"end":{"line":300,"column":null}},"81":{"start":{"line":302,"column":14},"end":{"line":316,"column":null}},"82":{"start":{"line":303,"column":30},"end":{"line":306,"column":null}},"83":{"start":{"line":308,"column":16},"end":{"line":311,"column":null}},"84":{"start":{"line":313,"column":16},"end":{"line":313,"column":null}},"85":{"start":{"line":315,"column":16},"end":{"line":315,"column":null}},"86":{"start":{"line":319,"column":12},"end":{"line":319,"column":null}},"87":{"start":{"line":320,"column":12},"end":{"line":324,"column":null}},"88":{"start":{"line":328,"column":25},"end":{"line":328,"column":null}},"89":{"start":{"line":329,"column":26},"end":{"line":329,"column":null}},"90":{"start":{"line":331,"column":27},"end":{"line":333,"column":null}},"91":{"start":{"line":332,"column":30},"end":{"line":332,"column":50}},"92":{"start":{"line":335,"column":8},"end":{"line":337,"column":null}},"93":{"start":{"line":336,"column":10},"end":{"line":336,"column":null}},"94":{"start":{"line":336,"column":42},"end":{"line":336,"column":60}},"95":{"start":{"line":339,"column":8},"end":{"line":341,"column":null}},"96":{"start":{"line":340,"column":10},"end":{"line":340,"column":null}},"97":{"start":{"line":343,"column":8},"end":{"line":345,"column":null}},"98":{"start":{"line":344,"column":10},"end":{"line":344,"column":null}},"99":{"start":{"line":347,"column":8},"end":{"line":352,"column":null}},"100":{"start":{"line":355,"column":8},"end":{"line":370,"column":null}},"101":{"start":{"line":356,"column":29},"end":{"line":356,"column":null}},"102":{"start":{"line":356,"column":48},"end":{"line":356,"column":66}},"103":{"start":{"line":356,"column":77},"end":{"line":356,"column":81}},"104":{"start":{"line":357,"column":10},"end":{"line":367,"column":null}},"105":{"start":{"line":358,"column":32},"end":{"line":358,"column":null}},"106":{"start":{"line":358,"column":53},"end":{"line":358,"column":93}},"107":{"start":{"line":359,"column":35},"end":{"line":363,"column":null}},"108":{"start":{"line":364,"column":12},"end":{"line":364,"column":null}},"109":{"start":{"line":366,"column":12},"end":{"line":366,"column":null}},"110":{"start":{"line":373,"column":8},"end":{"line":373,"column":null}},"111":{"start":{"line":375,"column":22},"end":{"line":375,"column":null}},"112":{"start":{"line":376,"column":8},"end":{"line":376,"column":null}},"113":{"start":{"line":376,"column":51},"end":{"line":376,"column":null}},"114":{"start":{"line":377,"column":8},"end":{"line":377,"column":null}},"115":{"start":{"line":381,"column":4},"end":{"line":385,"column":null}},"116":{"start":{"line":382,"column":6},"end":{"line":382,"column":null}},"117":{"start":{"line":384,"column":6},"end":{"line":384,"column":null}},"118":{"start":{"line":389,"column":19},"end":{"line":389,"column":null}},"119":{"start":{"line":390,"column":4},"end":{"line":393,"column":null}},"120":{"start":{"line":391,"column":6},"end":{"line":391,"column":null}},"121":{"start":{"line":392,"column":6},"end":{"line":392,"column":null}},"122":{"start":{"line":394,"column":4},"end":{"line":403,"column":null}},"123":{"start":{"line":395,"column":21},"end":{"line":399,"column":null}},"124":{"start":{"line":400,"column":6},"end":{"line":400,"column":null}},"125":{"start":{"line":402,"column":6},"end":{"line":402,"column":null}},"126":{"start":{"line":407,"column":17},"end":{"line":407,"column":null}},"127":{"start":{"line":408,"column":4},"end":{"line":408,"column":null}},"128":{"start":{"line":408,"column":15},"end":{"line":408,"column":null}},"129":{"start":{"line":411,"column":10},"end":{"line":411,"column":null}},"130":{"start":{"line":412,"column":28},"end":{"line":412,"column":null}},"131":{"start":{"line":412,"column":57},"end":{"line":412,"column":75}},"132":{"start":{"line":413,"column":4},"end":{"line":415,"column":null}},"133":{"start":{"line":414,"column":6},"end":{"line":414,"column":null}},"134":{"start":{"line":417,"column":4},"end":{"line":420,"column":null}},"135":{"start":{"line":422,"column":4},"end":{"line":422,"column":null}},"136":{"start":{"line":427,"column":24},"end":{"line":427,"column":null}},"137":{"start":{"line":428,"column":4},"end":{"line":437,"column":null}},"138":{"start":{"line":429,"column":12},"end":{"line":429,"column":null}},"139":{"start":{"line":430,"column":25},"end":{"line":433,"column":null}},"140":{"start":{"line":434,"column":6},"end":{"line":436,"column":null}},"141":{"start":{"line":435,"column":8},"end":{"line":435,"column":null}},"142":{"start":{"line":440,"column":18},"end":{"line":442,"column":null}},"143":{"start":{"line":444,"column":24},"end":{"line":444,"column":null}},"144":{"start":{"line":447,"column":27},"end":{"line":449,"column":null}},"145":{"start":{"line":450,"column":21},"end":{"line":452,"column":null}},"146":{"start":{"line":454,"column":4},"end":{"line":456,"column":null}},"147":{"start":{"line":455,"column":6},"end":{"line":455,"column":null}},"148":{"start":{"line":459,"column":4},"end":{"line":480,"column":null}},"149":{"start":{"line":461,"column":6},"end":{"line":467,"column":null}},"150":{"start":{"line":468,"column":6},"end":{"line":468,"column":null}},"151":{"start":{"line":472,"column":24},"end":{"line":478,"column":null}},"152":{"start":{"line":479,"column":6},"end":{"line":479,"column":null}},"153":{"start":{"line":484,"column":4},"end":{"line":486,"column":null}},"154":{"start":{"line":487,"column":4},"end":{"line":487,"column":null}},"155":{"start":{"line":491,"column":4},"end":{"line":491,"column":null}},"156":{"start":{"line":492,"column":4},"end":{"line":492,"column":null}},"157":{"start":{"line":496,"column":19},"end":{"line":496,"column":null}},"158":{"start":{"line":497,"column":4},"end":{"line":497,"column":null}},"159":{"start":{"line":497,"column":17},"end":{"line":497,"column":null}},"160":{"start":{"line":499,"column":20},"end":{"line":499,"column":null}},"161":{"start":{"line":500,"column":4},"end":{"line":500,"column":null}},"162":{"start":{"line":500,"column":18},"end":{"line":500,"column":null}},"163":{"start":{"line":503,"column":4},"end":{"line":512,"column":null}},"164":{"start":{"line":504,"column":6},"end":{"line":507,"column":null}},"165":{"start":{"line":509,"column":20},"end":{"line":509,"column":null}},"166":{"start":{"line":510,"column":22},"end":{"line":510,"column":null}},"167":{"start":{"line":511,"column":6},"end":{"line":511,"column":null}},"168":{"start":{"line":514,"column":4},"end":{"line":514,"column":null}},"169":{"start":{"line":518,"column":19},"end":{"line":518,"column":null}},"170":{"start":{"line":519,"column":4},"end":{"line":519,"column":null}},"171":{"start":{"line":519,"column":17},"end":{"line":519,"column":null}},"172":{"start":{"line":522,"column":15},"end":{"line":522,"column":null}},"173":{"start":{"line":523,"column":4},"end":{"line":523,"column":null}},"174":{"start":{"line":523,"column":29},"end":{"line":523,"column":null}},"175":{"start":{"line":526,"column":24},"end":{"line":528,"column":null}},"176":{"start":{"line":529,"column":4},"end":{"line":531,"column":null}},"177":{"start":{"line":530,"column":6},"end":{"line":530,"column":null}},"178":{"start":{"line":533,"column":4},"end":{"line":533,"column":null}},"179":{"start":{"line":539,"column":4},"end":{"line":550,"column":null}},"180":{"start":{"line":540,"column":27},"end":{"line":540,"column":null}},"181":{"start":{"line":541,"column":6},"end":{"line":547,"column":null}},"182":{"start":{"line":552,"column":21},"end":{"line":552,"column":null}},"183":{"start":{"line":553,"column":4},"end":{"line":553,"column":null}},"184":{"start":{"line":557,"column":4},"end":{"line":557,"column":null}},"185":{"start":{"line":558,"column":4},"end":{"line":558,"column":null}},"186":{"start":{"line":562,"column":19},"end":{"line":562,"column":null}},"187":{"start":{"line":563,"column":4},"end":{"line":563,"column":null}},"188":{"start":{"line":563,"column":17},"end":{"line":563,"column":null}},"189":{"start":{"line":565,"column":4},"end":{"line":579,"column":null}},"190":{"start":{"line":566,"column":23},"end":{"line":570,"column":null}},"191":{"start":{"line":572,"column":6},"end":{"line":574,"column":null}},"192":{"start":{"line":573,"column":8},"end":{"line":573,"column":null}},"193":{"start":{"line":575,"column":6},"end":{"line":575,"column":null}},"194":{"start":{"line":577,"column":6},"end":{"line":577,"column":null}},"195":{"start":{"line":578,"column":6},"end":{"line":578,"column":null}},"196":{"start":{"line":583,"column":19},"end":{"line":583,"column":null}},"197":{"start":{"line":584,"column":4},"end":{"line":584,"column":null}},"198":{"start":{"line":584,"column":17},"end":{"line":584,"column":null}},"199":{"start":{"line":586,"column":4},"end":{"line":611,"column":null}},"200":{"start":{"line":588,"column":23},"end":{"line":590,"column":null}},"201":{"start":{"line":592,"column":6},"end":{"line":594,"column":null}},"202":{"start":{"line":593,"column":8},"end":{"line":593,"column":null}},"203":{"start":{"line":597,"column":6},"end":{"line":597,"column":null}},"204":{"start":{"line":598,"column":6},"end":{"line":607,"column":null}},"205":{"start":{"line":609,"column":6},"end":{"line":609,"column":null}},"206":{"start":{"line":610,"column":6},"end":{"line":610,"column":null}},"207":{"start":{"line":617,"column":2},"end":{"line":624,"column":null}},"208":{"start":{"line":618,"column":4},"end":{"line":618,"column":null}},"209":{"start":{"line":619,"column":4},"end":{"line":621,"column":null}},"210":{"start":{"line":620,"column":6},"end":{"line":620,"column":null}},"211":{"start":{"line":623,"column":4},"end":{"line":623,"column":null}},"212":{"start":{"line":627,"column":0},"end":{"line":627,"column":null}}},"fnMap":{"0":{"name":"(anonymous_0)","decl":{"start":{"line":70,"column":28},"end":{"line":70,"column":47}},"loc":{"start":{"line":70,"column":61},"end":{"line":613,"column":2}},"line":70},"1":{"name":"(anonymous_1)","decl":{"start":{"line":83,"column":2},"end":{"line":83,"column":24}},"loc":{"start":{"line":83,"column":35},"end":{"line":83,"column":null}},"line":83},"2":{"name":"(anonymous_2)","decl":{"start":{"line":85,"column":2},"end":{"line":85,"column":10}},"loc":{"start":{"line":85,"column":43},"end":{"line":93,"column":null}},"line":85},"3":{"name":"(anonymous_3)","decl":{"start":{"line":95,"column":2},"end":{"line":95,"column":16}},"loc":{"start":{"line":95,"column":16},"end":{"line":109,"column":null}},"line":95},"4":{"name":"(anonymous_4)","decl":{"start":{"line":111,"column":2},"end":{"line":111,"column":23}},"loc":{"start":{"line":111,"column":39},"end":{"line":117,"column":null}},"line":111},"5":{"name":"(anonymous_5)","decl":{"start":{"line":112,"column":39},"end":{"line":112,"column":44}},"loc":{"start":{"line":112,"column":49},"end":{"line":112,"column":69}},"line":112},"6":{"name":"(anonymous_6)","decl":{"start":{"line":119,"column":13},"end":{"line":119,"column":20}},"loc":{"start":{"line":119,"column":44},"end":{"line":169,"column":null}},"line":119},"7":{"name":"(anonymous_7)","decl":{"start":{"line":171,"column":19},"end":{"line":171,"column":31}},"loc":{"start":{"line":171,"column":31},"end":{"line":386,"column":null}},"line":171},"8":{"name":"(anonymous_8)","decl":{"start":{"line":180,"column":30},"end":{"line":180,"column":42}},"loc":{"start":{"line":180,"column":42},"end":{"line":379,"column":7}},"line":180},"9":{"name":"(anonymous_9)","decl":{"start":{"line":203,"column":14},"end":{"line":203,"column":23}},"loc":{"start":{"line":203,"column":29},"end":{"line":214,"column":9}},"line":203},"10":{"name":"(anonymous_10)","decl":{"start":{"line":216,"column":20},"end":{"line":216,"column":28}},"loc":{"start":{"line":216,"column":33},"end":{"line":242,"column":9}},"line":216},"11":{"name":"(anonymous_11)","decl":{"start":{"line":250,"column":28},"end":{"line":250,"column":32}},"loc":{"start":{"line":250,"column":39},"end":{"line":253,"column":14}},"line":250},"12":{"name":"(anonymous_12)","decl":{"start":{"line":256,"column":19},"end":{"line":256,"column":27}},"loc":{"start":{"line":256,"column":33},"end":{"line":256,"column":60}},"line":256},"13":{"name":"(anonymous_13)","decl":{"start":{"line":266,"column":82},"end":{"line":266,"column":94}},"loc":{"start":{"line":266,"column":94},"end":{"line":290,"column":15}},"line":266},"14":{"name":"(anonymous_14)","decl":{"start":{"line":294,"column":24},"end":{"line":294,"column":32}},"loc":{"start":{"line":294,"column":39},"end":{"line":294,"column":75}},"line":294},"15":{"name":"(anonymous_15)","decl":{"start":{"line":332,"column":20},"end":{"line":332,"column":25}},"loc":{"start":{"line":332,"column":30},"end":{"line":332,"column":50}},"line":332},"16":{"name":"(anonymous_16)","decl":{"start":{"line":336,"column":32},"end":{"line":336,"column":37}},"loc":{"start":{"line":336,"column":42},"end":{"line":336,"column":60}},"line":336},"17":{"name":"(anonymous_17)","decl":{"start":{"line":356,"column":36},"end":{"line":356,"column":43}},"loc":{"start":{"line":356,"column":48},"end":{"line":356,"column":66}},"line":356},"18":{"name":"(anonymous_18)","decl":{"start":{"line":356,"column":68},"end":{"line":356,"column":72}},"loc":{"start":{"line":356,"column":77},"end":{"line":356,"column":81}},"line":356},"19":{"name":"(anonymous_19)","decl":{"start":{"line":358,"column":43},"end":{"line":358,"column":47}},"loc":{"start":{"line":358,"column":53},"end":{"line":358,"column":93}},"line":358},"20":{"name":"(anonymous_20)","decl":{"start":{"line":388,"column":33},"end":{"line":388,"column":45}},"loc":{"start":{"line":388,"column":45},"end":{"line":404,"column":null}},"line":388},"21":{"name":"(anonymous_21)","decl":{"start":{"line":406,"column":19},"end":{"line":406,"column":26}},"loc":{"start":{"line":406,"column":43},"end":{"line":423,"column":null}},"line":406},"22":{"name":"(anonymous_22)","decl":{"start":{"line":412,"column":45},"end":{"line":412,"column":52}},"loc":{"start":{"line":412,"column":57},"end":{"line":412,"column":75}},"line":412},"23":{"name":"(anonymous_23)","decl":{"start":{"line":425,"column":16},"end":{"line":425,"column":23}},"loc":{"start":{"line":425,"column":79},"end":{"line":481,"column":null}},"line":425},"24":{"name":"(anonymous_24)","decl":{"start":{"line":483,"column":20},"end":{"line":483,"column":27}},"loc":{"start":{"line":483,"column":52},"end":{"line":488,"column":null}},"line":483},"25":{"name":"(anonymous_25)","decl":{"start":{"line":490,"column":20},"end":{"line":490,"column":27}},"loc":{"start":{"line":490,"column":52},"end":{"line":493,"column":null}},"line":490},"26":{"name":"(anonymous_26)","decl":{"start":{"line":495,"column":14},"end":{"line":495,"column":21}},"loc":{"start":{"line":495,"column":38},"end":{"line":515,"column":null}},"line":495},"27":{"name":"(anonymous_27)","decl":{"start":{"line":517,"column":18},"end":{"line":517,"column":25}},"loc":{"start":{"line":517,"column":49},"end":{"line":534,"column":null}},"line":517},"28":{"name":"(anonymous_28)","decl":{"start":{"line":536,"column":14},"end":{"line":536,"column"
[...]
inity":19,"s:130:24:130:Infinity":20,"b:131:10:134:Infinity:undefined:undefined:undefined:undefined":7,"s:131:10:134:Infinity":21,"s:132:12:132:Infinity":22,"s:133:12:133:Infinity":23,"s:135:10:135:Infinity":24,"s:136:10:136:Infinity":25,"s:137:10:137:Infinity":26,"s:138:10:138:Infinity":27,"s:139:10:139:Infinity":28,"s:144:22:144:Infinity":29,"b:144:22:144:36:144:36:144:Infinity":8,"s:145:28:145:Infinity":30,"b:145:28:145:53:145:53:145:Infinity":9,"s:146:12:146:Infinity":31,"s:148:6:159:Infinity":32,"b:154:25:154:42:154:42:154:Infinity":10,"s:160:6:160:Infinity":33,"s:162:6:162:Infinity":34,"s:166:4:166:Infinity":35,"s:168:4:168:Infinity":36,"f:171:19:171:31":7,"b:172:4:175:Infinity:undefined:undefined:undefined:undefined":11,"s:172:4:175:Infinity":37,"s:173:6:173:Infinity":38,"s:174:6:174:Infinity":39,"s:177:19:177:Infinity":40,"b:178:4:178:Infinity:undefined:undefined:undefined:undefined":12,"s:178:4:178:Infinity":41,"s:178:17:178:Infinity":42,"s:180:4:379:Infinity":43,"f:180:30:180:42":8,"s:181:6:378:Infinity":44,"s:183:22:188:Infinity":45,"s:191:28:197:Infinity":46,"s:199:29:199:Infinity":47,"s:200:52:200:Infinity":48,"s:201:50:201:Infinity":49,"s:203:8:214:Infinity":50,"f:203:14:203:23":9,"s:204:10:213:Infinity":51,"b:208:20:208:32:208:32:208:Infinity":13,"b:209:18:209:28:209:28:209:Infinity":14,"s:216:8:242:Infinity":52,"f:216:20:216:28":10,"b:217:10:241:Infinity:229:17:241:Infinity":15,"s:217:10:241:Infinity":53,"b:217:14:217:39:217:39:217:60":16,"b:218:12:228:Infinity:undefined:undefined:undefined:undefined":17,"s:218:12:228:Infinity":54,"s:219:14:227:Infinity":55,"b:223:24:223:53:223:53:223:Infinity":18,"b:224:22:224:49:224:49:224:Infinity":19,"b:229:17:241:Infinity:undefined:undefined:undefined:undefined":20,"s:229:17:241:Infinity":56,"s:230:30:239:Infinity":57,"b:232:27:232:54:232:54:232:Infinity":21,"b:233:29:233:58:233:58:233:Infinity":22,"b:235:48:238:18:238:18:238:Infinity":23,"s:240:12:240:Infinity":58,"s:244:21:244:Infinity":59,"s:247:8:260:Infinity":60,"s:248:38:248:Infinity":61,"b:249:10:257:Infinity:undefined:undefined:undefined:undefined":24,"s:249:10:257:Infinity":62,"s:250:12:253:Infinity":63,"f:250:28:250:32":11,"s:250:39:253:14":64,"s:256:12:256:Infinity":65,"f:256:19:256:27":12,"s:256:33:256:60":66,"s:259:10:259:Infinity":67,"b:263:8:326:Infinity:undefined:undefined:undefined:undefined":25,"s:263:8:326:Infinity":68,"b:263:12:263:35:263:35:263:64":26,"s:264:10:325:Infinity":69,"b:265:12:317:Infinity:291:19:317:Infinity":27,"s:265:12:317:Infinity":70,"b:265:16:265:52:265:52:265:69":28,"s:266:14:290:Infinity":71,"f:266:82:266:94":13,"s:268:36:272:Infinity":72,"b:274:16:289:Infinity:286:23:289:Infinity":29,"s:274:16:289:Infinity":73,"s:275:32:278:Infinity":74,"s:280:18:283:Infinity":75,"s:285:18:285:Infinity":76,"s:288:18:288:Infinity":77,"s:294:14:294:Infinity":78,"f:294:24:294:32":14,"s:294:39:294:75":79,"s:296:42:300:Infinity":80,"b:302:14:316:Infinity:314:21:316:Infinity":30,"s:302:14:316:Infinity":81,"s:303:30:306:Infinity":82,"s:308:16:311:Infinity":83,"s:313:16:313:Infinity":84,"s:315:16:315:Infinity":85,"s:319:12:319:Infinity":86,"s:320:12:324:Infinity":87,"s:328:25:328:Infinity":88,"s:329:26:329:Infinity":89,"s:331:27:333:Infinity":90,"b:332:13:332:Infinity:333:12:333:Infinity":31,"b:332:13:332:55:332:55:332:Infinity":32,"f:332:20:332:25":15,"s:332:30:332:50":91,"b:335:8:337:Infinity:undefined:undefined:undefined:undefined":33,"s:335:8:337:Infinity":92,"b:335:12:335:29:335:29:335:40":34,"s:336:10:336:Infinity":93,"b:336:25:336:65:336:65:336:Infinity":35,"f:336:32:336:37":16,"s:336:42:336:60":94,"b:339:8:341:Infinity:undefined:undefined:undefined:undefined":36,"s:339:8:341:Infinity":95,"s:340:10:340:Infinity":96,"b:340:45:340:57:340:57:340:Infinity":37,"b:343:8:345:Infinity:undefined:undefined:undefined:undefined":38,"s:343:8:345:Infinity":97,"s:344:10:344:Infinity":98,"s:347:8:352:Infinity":99,"s:355:8:370:Infinity":100,"s:356:29:356:Infinity":101,"f:356:36:356:43":17,"s:356:48:356:66":102,"f:356:68:356:72":18,"s:356:77:356:81":103,"b:357:10:367:Infinity:365:17:367:Infinity":39,"s:357:10:367:Infinity":104,"s:358:32:358:Infinity":105,"f:358:43:358:47":19,"s:358:53:358:93":106,"s:359:35:363:Infinity":107,"s:364:12:364:Infinity":108,"s:366:12:366:Infinity":109,"s:373:8:373:Infinity":110,"s:375:22:375:Infinity":111,"b:376:8:376:Infinity:undefined:undefined:undefined:undefined":40,"s:376:8:376:Infinity":112,"b:376:12:376:30:376:30:376:51":41,"s:376:51:376:Infinity":113,"s:377:8:377:Infinity":114,"s:381:4:385:Infinity":115,"s:382:6:382:Infinity":116,"s:384:6:384:Infinity":117,"f:388:33:388:45":20,"s:389:19:389:Infinity":118,"b:390:4:393:Infinity:undefined:undefined:undefined:undefined":42,"s:390:4:393:Infinity":119,"s:391:6:391:Infinity":120,"s:392:6:392:Infinity":121,"s:394:4:403:Infinity":122,"s:395:21:399:Infinity":123,"s:400:6:400:Infinity":124,"s:402:6:402:Infinity":125,"f:406:19:406:26":21,"s:407:17:407:Infinity":126,"b:408:4:408:Infinity:undefined:undefined:undefined:undefined":43,"s:408:4:408:Infinity":127,"s:408:15:408:Infinity":128,"s:411:10:411:Infinity":129,"s:412:28:412:Infinity":130,"f:412:45:412:52":22,"s:412:57:412:75":131,"b:413:4:415:Infinity:undefined:undefined:undefined:undefined":44,"s:413:4:415:Infinity":132,"s:414:6:414:Infinity":133,"b:414:65:414:78:414:78:414:86":45,"s:417:4:420:Infinity":134,"s:422:4:422:Infinity":135,"f:425:16:425:23":23,"b:425:66:425:79":46,"s:427:24:427:Infinity":136,"b:428:4:437:Infinity:undefined:undefined:undefined:undefined":47,"s:428:4:437:Infinity":137,"s:429:12:429:Infinity":138,"s:430:25:433:Infinity":139,"b:434:6:436:Infinity:undefined:undefined:undefined:undefined":48,"s:434:6:436:Infinity":140,"s:435:8:435:Infinity":141,"s:440:18:442:Infinity":142,"s:444:24:444:Infinity":143,"b:444:43:444:54:444:54:444:Infinity":49,"s:447:27:449:Infinity":144,"b:448:8:448:Infinity:449:8:449:Infinity":50,"s:450:21:452:Infinity":145,"b:454:4:456:Infinity:undefined:undefined:undefined:undefined":51,"s:454:4:456:Infinity":146,"s:455:6:455:Infinity":147,"b:459:4:480:Infinity:469:11:480:Infinity":52,"s:459:4:480:Infinity":148,"s:461:6:467:Infinity":149,"s:468:6:468:Infinity":150,"s:472:24:478:Infinity":151,"s:479:6:479:Infinity":152,"f:483:20:483:27":24,"s:484:4:486:Infinity":153,"s:487:4:487:Infinity":154,"f:490:20:490:27":25,"s:491:4:491:Infinity":155,"s:492:4:492:Infinity":156,"f:495:14:495:21":26,"s:496:19:496:Infinity":157,"b:497:4:497:Infinity:undefined:undefined:undefined:undefined":53,"s:497:4:497:Infinity":158,"s:497:17:497:Infinity":159,"s:499:20:499:Infinity":160,"b:500:4:500:Infinity:undefined:undefined:undefined:undefined":54,"s:500:4:500:Infinity":161,"s:500:18:500:Infinity":162,"s:503:4:512:Infinity":163,"s:504:6:507:Infinity":164,"s:509:20:509:Infinity":165,"s:510:22:510:Infinity":166,"b:510:22:510:50:510:50:510:68:510:68:510:Infinity":55,"s:511:6:511:Infinity":167,"s:514:4:514:Infinity":168,"f:517:18:517:25":27,"s:518:19:518:Infinity":169,"b:519:4:519:Infinity:undefined:undefined:undefined:undefined":56,"s:519:4:519:Infinity":170,"s:519:17:519:Infinity":171,"s:522:15:522:Infinity":172,"b:523:4:523:Infinity:undefined:undefined:undefined:undefined":57,"s:523:4:523:Infinity":173,"s:523:29:523:Infinity":174,"s:526:24:528:Infinity":175,"s:529:4:531:Infinity":176,"s:530:6:530:Infinity":177,"s:533:4:533:Infinity":178,"f:536:14:536:21":28,"s:539:4:550:Infinity":179,"s:540:27:540:Infinity":180,"s:541:6:547:Infinity":181,"s:552:21:552:Infinity":182,"s:553:4:553:Infinity":183,"f:556:14:556:21":29,"s:557:4:557:Infinity":184,"s:558:4:558:Infinity":185,"f:561:26:561:38":30,"s:562:19:562:Infinity":186,"b:563:4:563:Infinity:undefined:undefined:undefined:undefined":58,"s:563:4:563:Infinity":187,"s:563:17:563:Infinity":188,"s:565:4:579:Infinity":189,"s:566:23:570:Infinity":190,"b:572:6:574:Infinity:undefined:undefined:undefined:undefined":59,"s:572:6:574:Infinity":191,"s:573:8:573:Infinity":192,"s:575:6:575:Infinity":193,"s:577:6:577:Infinity":194,"s:578:6:578:Infinity":195,"f:582:17:582:29":31,"s:583:19:583:Infinity":196,"b:584:4:584:Infinity:undefined:undefined:undefined:undefined":60,"s:584:4:584:Infinity":197,"s:584:17:584:Infinity":198,"s:586:4:611:Infinity":199,"s:588:23:590:Infinity":200,"b:592:6:594:Infinity:undefined:undefined:undefined:undefined":61,"s:592:6:594:Infinity":201,"s:593:8:593:Infinity":202,"s:597:6:597:Infinity":203,"s:598:6:607:Infinity":204,"s:609:6:609:Infinity":205,"s:610:6:610:Infinity":206,"f:616:9:616:26":32,"s:617:2:624:Infinity":207,"s:618:4:618:Infinity":208,"s:619:4:621:Infinity":209,"f:619:17:619:32":33,"s:620:6:620:Infinity":210,"s:623:4:623:Infinity":211,"s:627:0:627:Infinity":212}}}
,"D:\\GRYF AI\\WORKFLOW\\src\\store\\confirmStore.ts": {"path":"D:\\GRYF AI\\WORKFLOW\\src\\store\\confirmStore.ts","statementMap":{"0":{"start":{"line":27,"column":13},"end":{"line":60,"column":null}},"1":{"start":{"line":27,"column":62},"end":{"line":60,"column":2}},"2":{"start":{"line":37,"column":4},"end":{"line":57,"column":null}},"3":{"start":{"line":38,"column":6},"end":{"line":49,"column":null}},"4":{"start":{"line":46,"column":10},"end":{"line":46,"column":null}},"5":{"start":{"line":47,"column":10},"end":{"line":47,"column":null}},"6":{"start":{"line":52,"column":12},"end":{"line":55,"column":null}},"7":{"start":{"line":53,"column":8},"end":{"line":53,"column":null}},"8":{"start":{"line":54,"column":8},"end":{"line":54,"column":null}},"9":{"start":{"line":56,"column":6},"end":{"line":56,"column":null}},"10":{"start":{"line":59,"column":15},"end":{"line":59,"column":null}}},"fnMap":{"0":{"name":"(anonymous_0)","decl":{"start":{"line":27,"column":31},"end":{"line":27,"column":53}},"loc":{"start":{"line":27,"column":62},"end":{"line":60,"column":2}},"line":27},"1":{"name":"(anonymous_1)","decl":{"start":{"line":34,"column":2},"end":{"line":34,"column":19}},"loc":{"start":{"line":34,"column":19},"end":{"line":34,"column":null}},"line":34},"2":{"name":"(anonymous_2)","decl":{"start":{"line":36,"column":2},"end":{"line":36,"column":12}},"loc":{"start":{"line":37,"column":4},"end":{"line":57,"column":null}},"line":37},"3":{"name":"(anonymous_3)","decl":{"start":{"line":37,"column":8},"end":{"line":37,"column":26}},"loc":{"start":{"line":37,"column":38},"end":{"line":57,"column":5}},"line":37},"4":{"name":"(anonymous_4)","decl":{"start":{"line":45,"column":8},"end":{"line":45,"column":25}},"loc":{"start":{"line":45,"column":25},"end":{"line":48,"column":null}},"line":45},"5":{"name":"(anonymous_5)","decl":{"start":{"line":52,"column":12},"end":{"line":52,"column":34}},"loc":{"start":{"line":52,"column":34},"end":{"line":55,"column":null}},"line":52},"6":{"name":"(anonymous_6)","decl":{"start":{"line":59,"column":2},"end":{"line":59,"column":15}},"loc":{"start":{"line":59,"column":15},"end":{"line":59,"column":null}},"line":59}},"branchMap":{"0":{"loc":{"start":{"line":44,"column":17},"end":{"line":44,"column":null}},"type":"binary-expr","locations":[{"start":{"line":44,"column":17},"end":{"line":44,"column":33}},{"start":{"line":44,"column":33},"end":{"line":44,"column":null}}],"line":44}},"s":{"0":1,"1":1,"2":4,"3":4,"4":1,"5":1,"6":4,"7":3,"8":3,"9":4,"10":0},"f":{"0":1,"1":0,"2":4,"3":4,"4":1,"5":3,"6":0},"b":{"0":[4,3]},"meta":{"lastBranch":1,"lastFunction":7,"lastStatement":11,"seen":{"s:27:13:60:Infinity":0,"f:27:31:27:53":0,"s:27:62:60:2":1,"f:34:2:34:19":1,"f:36:2:36:12":2,"s:37:4:57:Infinity":2,"f:37:8:37:26":3,"s:38:6:49:Infinity":3,"b:44:17:44:33:44:33:44:Infinity":0,"f:45:8:45:25":4,"s:46:10:46:Infinity":4,"s:47:10:47:Infinity":5,"s:52:12:55:Infinity":6,"f:52:12:52:34":5,"s:53:8:53:Infinity":7,"s:54:8:54:Infinity":8,"s:56:6:56:Infinity":9,"f:59:2:59:15":6,"s:59:15:59:Infinity":10}}}
,"D:\\GRYF AI\\WORKFLOW\\src\\store\\toastStore.ts": {"path":"D:\\GRYF AI\\WORKFLOW\\src\\store\\toastStore.ts","statementMap":{"0":{"start":{"line":17,"column":27},"end":{"line":17,"column":null}},"1":{"start":{"line":18,"column":30},"end":{"line":18,"column":null}},"2":{"start":{"line":20,"column":14},"end":{"line":20,"column":null}},"3":{"start":{"line":22,"column":13},"end":{"line":42,"column":null}},"4":{"start":{"line":22,"column":58},"end":{"line":42,"column":2}},"5":{"start":{"line":26,"column":15},"end":{"line":26,"column":null}},"6":{"start":{"line":27,"column":4},"end":{"line":29,"column":null}},"7":{"start":{"line":27,"column":20},"end":{"line":29,"column":6}},"8":{"start":{"line":30,"column":4},"end":{"line":34,"column":null}},"9":{"start":{"line":31,"column":6},"end":{"line":33,"column":null}},"10":{"start":{"line":31,"column":22},"end":{"line":33,"column":8}},"11":{"start":{"line":32,"column":43},"end":{"line":32,"column":54}},"12":{"start":{"line":38,"column":4},"end":{"line":40,"column":null}},"13":{"start":{"line":38,"column":20},"end":{"line":40,"column":6}},"14":{"start":{"line":39,"column":41},"end":{"line":39,"column":52}}},"fnMap":{"0":{"name":"(anonymous_0)","decl":{"start":{"line":22,"column":29},"end":{"line":22,"column":49}},"loc":{"start":{"line":22,"column":58},"end":{"line":42,"column":2}},"line":22},"1":{"name":"(anonymous_1)","decl":{"start":{"line":25,"column":2},"end":{"line":25,"column":14}},"loc":{"start":{"line":25,"column":44},"end":{"line":35,"column":null}},"line":25},"2":{"name":"(anonymous_2)","decl":{"start":{"line":27,"column":4},"end":{"line":27,"column":9}},"loc":{"start":{"line":27,"column":20},"end":{"line":29,"column":6}},"line":27},"3":{"name":"(anonymous_3)","decl":{"start":{"line":30,"column":4},"end":{"line":30,"column":21}},"loc":{"start":{"line":30,"column":21},"end":{"line":34,"column":7}},"line":30},"4":{"name":"(anonymous_4)","decl":{"start":{"line":31,"column":6},"end":{"line":31,"column":11}},"loc":{"start":{"line":31,"column":22},"end":{"line":33,"column":8}},"line":31},"5":{"name":"(anonymous_5)","decl":{"start":{"line":32,"column":29},"end":{"line":32,"column":37}},"loc":{"start":{"line":32,"column":43},"end":{"line":32,"column":54}},"line":32},"6":{"name":"(anonymous_6)","decl":{"start":{"line":37,"column":2},"end":{"line":37,"column":17}},"loc":{"start":{"line":37,"column":24},"end":{"line":41,"column":null}},"line":37},"7":{"name":"(anonymous_7)","decl":{"start":{"line":38,"column":4},"end":{"line":38,"column":9}},"loc":{"start":{"line":38,"column":20},"end":{"line":40,"column":6}},"line":38},"8":{"name":"(anonymous_8)","decl":{"start":{"line":39,"column":27},"end":{"line":39,"column":35}},"loc":{"start":{"line":39,"column":41},"end":{"line":39,"column":52}},"line":39}},"branchMap":{"0":{"loc":{"start":{"line":25,"column":23},"end":{"line":25,"column":44}},"type":"default-arg","locations":[{"start":{"line":25,"column":30},"end":{"line":25,"column":44}}],"line":25}},"s":{"0":4,"1":4,"2":4,"3":4,"4":4,"5":14,"6":14,"7":14,"8":14,"9":0,"10":0,"11":0,"12":1,"13":1,"14":2},"f":{"0":4,"1":14,"2":14,"3":0,"4":0,"5":0,"6":1,"7":1,"8":2},"b":{"0":[14]},"meta":{"lastBranch":1,"lastFunction":9,"lastStatement":15,"seen":{"s:17:27:17:Infinity":0,"s:18:30:18:Infinity":1,"s:20:14:20:Infinity":2,"s:22:13:42:Infinity":3,"f:22:29:22:49":0,"s:22:58:42:2":4,"f:25:2:25:14":1,"b:25:30:25:44":0,"s:26:15:26:Infinity":5,"s:27:4:29:Infinity":6,"f:27:4:27:9":2,"s:27:20:29:6":7,"s:30:4:34:Infinity":8,"f:30:4:30:21":3,"s:31:6:33:Infinity":9,"f:31:6:31:11":4,"s:31:22:33:8":10,"f:32:29:32:37":5,"s:32:43:32:54":11,"f:37:2:37:17":6,"s:38:4:40:Infinity":12,"f:38:4:38:9":7,"s:38:20:40:6":13,"f:39:27:39:35":8,"s:39:41:39:52":14}}}
,"D:\\GRYF AI\\WORKFLOW\\src\\test\\mocks\\i18n.ts": {"path":"D:\\GRYF AI\\WORKFLOW\\src\\test\\mocks\\i18n.ts","statementMap":{"0":{"start":{"line":7,"column":10},"end":{"line":7,"column":null}},"1":{"start":{"line":7,"column":33},"end":{"line":7,"column":36}},"2":{"start":{"line":9,"column":13},"end":{"line":15,"column":null}},"3":{"start":{"line":9,"column":37},"end":{"line":15,"column":null}},"4":{"start":{"line":19,"column":14},"end":{"line":19,"column":null}}},"fnMap":{"0":{"name":"(anonymous_0)","decl":{"start":{"line":7,"column":13},"end":{"line":7,"column":17}},"loc":{"start":{"line":7,"column":33},"end":{"line":7,"column":36}},"line":7},"1":{"name":"(anonymous_1)","decl":{"start":{"line":9,"column":13},"end":{"line":9,"column":37}},"loc":{"start":{"line":9,"column":37},"end":{"line":15,"column":null}},"line":9},"2":{"name":"(anonymous_2)","decl":{"start":{"line":19,"column":2},"end":{"line":19,"column":14}},"loc":{"start":{"line":19,"column":14},"end":{"line":19,"column":null}},"line":19},"3":{"name":"(anonymous_3)","decl":{"start":{"line":19,"column":16},"end":{"line":19,"column":28}},"loc":{"start":{"line":19,"column":28},"end":{"line":19,"column":31}},"line":19}},"branchMap":{},"s":{"0":1,"1":325,"2":1,"3":29,"4":0},"f":{"0":325,"1":29,"2":0,"3":0},"b":{},"meta":{"lastBranch":0,"lastFunction":4,"lastStatement":5,"seen":{"s:7:10:7:Infinity":0,"f:7:13:7:17":0,"s:7:33:7:36":1,"s:9:13:15:Infinity":2,"f:9:13:9:37":1,"s:9:37:15:Infinity":3,"f:19:2:19:14":2,"s:19:14:19:Infinity":4,"f:19:16:19:28":3}}}
,"D:\\GRYF AI\\WORKFLOW\\src\\test\\mocks\\pocketbase.ts": {"path":"D:\\GRYF AI\\WORKFLOW\\src\\test\\mocks\\pocketbase.ts","statementMap":{"0":{"start":{"line":10,"column":18},"end":{"line":10,"column":null}},"1":{"start":{"line":12,"column":6},"end":{"line":21,"column":null}},"2":{"start":{"line":12,"column":36},"end":{"line":21,"column":null}},"3":{"start":{"line":24,"column":77},"end":{"line":24,"column":null}},"4":{"start":{"line":26,"column":13},"end":{"line":29,"column":null}},"5":{"start":{"line":27,"column":2},"end":{"line":27,"column":null}},"6":{"start":{"line":27,"column":26},"end":{"line":27,"column":null}},"7":{"start":{"line":28,"column":2},"end":{"line":28,"column":null}},"8":{"start":{"line":31,"column":13},"end":{"line":33,"column":null}},"9":{"start":{"line":32,"column":2},"end":{"line":32,"column":null}},"10":{"start":{"line":32,"column":40},"end":{"line":32,"column":61}},"11":{"start":{"line":35,"column":18},"end":{"line":46,"column":null}},"12":{"start":{"line":36,"column":38},"end":{"line":36,"column":61}},"13":{"start":{"line":49,"column":28},"end":{"line":49,"column":null}},"14":{"start":{"line":50,"column":32},"end":{"line":50,"column":null}}},"fnMap":{"0":{"name":"(anonymous_0)","decl":{"start":{"line":12,"column":6},"end":{"line":12,"column":36}},"loc":{"start":{"line":12,"column":36},"end":{"line":21,"column":null}},"line":12},"1":{"name":"(anonymous_1)","decl":{"start":{"line":26,"column":13},"end":{"line":26,"column":34}},"loc":{"start":{"line":26,"column":51},"end":{"line":29,"column":null}},"line":26},"2":{"name":"(anonymous_2)","decl":{"start":{"line":31,"column":13},"end":{"line":31,"column":41}},"loc":{"start":{"line":31,"column":41},"end":{"line":33,"column":null}},"line":31},"3":{"name":"(anonymous_3)","decl":{"start":{"line":32,"column":27},"end":{"line":32,"column":35}},"loc":{"start":{"line":32,"column":40},"end":{"line":32,"column":61}},"line":32},"4":{"name":"(anonymous_4)","decl":{"start":{"line":36,"column":17},"end":{"line":36,"column":21}},"loc":{"start":{"line":36,"column":38},"end":{"line":36,"column":61}},"line":36}},"branchMap":{"0":{"loc":{"start":{"line":27,"column":2},"end":{"line":27,"column":null}},"type":"if","locations":[{"start":{"line":27,"column":2},"end":{"line":27,"column":null}},{"start":{},"end":{}}],"line":27}},"s":{"0":2,"1":2,"2":1,"3":2,"4":2,"5":2,"6":1,"7":2,"8":2,"9":0,"10":0,"11":2,"12":2,"13":2,"14":2},"f":{"0":1,"1":2,"2":0,"3":0,"4":2},"b":{"0":[1,1]},"meta":{"lastBranch":1,"lastFunction":5,"lastStatement":15,"seen":{"s:10:18:10:Infinity":0,"s:12:6:21:Infinity":1,"f:12:6:12:36":0,"s:12:36:21:Infinity":2,"s:24:77:24:Infinity":3,"s:26:13:29:Infinity":4,"f:26:13:26:34":1,"b:27:2:27:Infinity:undefined:undefined:undefined:undefined":0,"s:27:2:27:Infinity":5,"s:27:26:27:Infinity":6,"s:28:2:28:Infinity":7,"s:31:13:33:Infinity":8,"f:31:13:31:41":2,"s:32:2:32:Infinity":9,"f:32:27:32:35":3,"s:32:40:32:61":10,"s:35:18:46:Infinity":11,"f:36:17:36:21":4,"s:36:38:36:61":12,"s:49:28:49:Infinity":13,"s:50:32:50:Infinity":14}}}
}
